2017-01-12 09:02:14,337 INFO  [Version]  - Hibernate Commons Annotations 3.2.0.Final
2017-01-12 09:02:14,343 INFO  [Environment]  - Hibernate 3.6.6.Final
2017-01-12 09:02:14,344 INFO  [Environment]  - hibernate.properties not found
2017-01-12 09:02:14,346 INFO  [Environment]  - Bytecode provider name : javassist
2017-01-12 09:02:14,348 INFO  [Environment]  - using JDK 1.4 java.sql.Timestamp handling
2017-01-12 09:02:14,460 INFO  [AnnotationBinder]  - Binding entity from annotated class: com.example.shdemo.domain.Medicine
2017-01-12 09:02:14,472 INFO  [QueryBinder]  - Binding Named query: medicine.all => Select m from Medicine m
2017-01-12 09:02:14,473 INFO  [QueryBinder]  - Binding Named query: medicine.byId => Select m from Medicine m where m.id = :id
2017-01-12 09:02:14,473 INFO  [QueryBinder]  - Binding Named query: medicine.notSold => Select m from Medicine m where m.inPharmacy = false
2017-01-12 09:02:14,498 INFO  [EntityBinder]  - Bind entity com.example.shdemo.domain.Medicine on table Medicine
2017-01-12 09:02:14,554 INFO  [AnnotationBinder]  - Binding entity from annotated class: com.example.shdemo.domain.Pharmacy
2017-01-12 09:02:14,554 INFO  [QueryBinder]  - Binding Named query: pharmacy.all => Select p from Pharmacy p
2017-01-12 09:02:14,555 INFO  [QueryBinder]  - Binding Named query: pharmacy.byId => Select p from Pharmacy p where p.id = :id
2017-01-12 09:02:14,555 INFO  [QueryBinder]  - Binding Named query: pharmacy.byName => Select p from Pharmacy p where p.name = :name
2017-01-12 09:02:14,555 INFO  [EntityBinder]  - Bind entity com.example.shdemo.domain.Pharmacy on table Pharmacy
2017-01-12 09:02:14,574 INFO  [AnnotationBinder]  - Binding entity from annotated class: com.example.shdemo.domain.Ammunition
2017-01-12 09:02:14,575 INFO  [QueryBinder]  - Binding Named query: ammunition.all => Select m from Ammunition m
2017-01-12 09:02:14,575 INFO  [QueryBinder]  - Binding Named query: ammunition.byId => Select m from Ammunition m where m.id = :id
2017-01-12 09:02:14,575 INFO  [EntityBinder]  - Bind entity com.example.shdemo.domain.Ammunition on table Ammunition
2017-01-12 09:02:14,576 INFO  [AnnotationBinder]  - Binding entity from annotated class: com.example.shdemo.domain.Weapon
2017-01-12 09:02:14,576 INFO  [QueryBinder]  - Binding Named query: weapon.all => Select p from Weapon p
2017-01-12 09:02:14,576 INFO  [QueryBinder]  - Binding Named query: weapon.byId => Select p from Weapon p where p.id = :id
2017-01-12 09:02:14,576 INFO  [QueryBinder]  - Binding Named query: weapon.byName => Select p from Weapon p where p.name = :name
2017-01-12 09:02:14,576 INFO  [EntityBinder]  - Bind entity com.example.shdemo.domain.Weapon on table Weapon
2017-01-12 09:02:14,599 INFO  [Configuration]  - Hibernate Validator not found: ignoring
2017-01-12 09:02:14,601 INFO  [HibernateSearchEventListenerRegister]  - Unable to find org.hibernate.search.event.FullTextIndexEventListener on the classpath. Hibernate Search is not enabled.
2017-01-12 09:02:14,605 INFO  [ConnectionProviderFactory]  - Initializing connection provider: org.springframework.orm.hibernate3.LocalDataSourceConnectionProvider
2017-01-12 09:02:14,900 INFO  [Dialect]  - Using dialect: org.hibernate.dialect.HSQLDialect
2017-01-12 09:02:14,916 INFO  [SettingsFactory]  - Database ->
       name : HSQL Database Engine
    version : 2.2.4
      major : 2
      minor : 2
2017-01-12 09:02:14,916 INFO  [SettingsFactory]  - Driver ->
       name : HSQL Database Engine Driver
    version : 2.2.4
      major : 2
      minor : 2
2017-01-12 09:02:14,917 INFO  [TransactionFactoryFactory]  - Transaction strategy: org.springframework.orm.hibernate3.SpringTransactionFactory
2017-01-12 09:02:14,918 INFO  [TransactionManagerLookupFactory]  - No TransactionManagerLookup configured (in JTA environment, use of read-write or transactional second-level cache is not recommended)
2017-01-12 09:02:14,918 INFO  [SettingsFactory]  - Automatic flush during beforeCompletion(): disabled
2017-01-12 09:02:14,918 INFO  [SettingsFactory]  - Automatic session close at end of transaction: disabled
2017-01-12 09:02:14,919 INFO  [SettingsFactory]  - JDBC batch size: 15
2017-01-12 09:02:14,919 INFO  [SettingsFactory]  - JDBC batch updates for versioned data: disabled
2017-01-12 09:02:14,919 INFO  [SettingsFactory]  - Scrollable result sets: enabled
2017-01-12 09:02:14,919 INFO  [SettingsFactory]  - JDBC3 getGeneratedKeys(): enabled
2017-01-12 09:02:14,919 INFO  [SettingsFactory]  - Connection release mode: auto
2017-01-12 09:02:14,920 INFO  [SettingsFactory]  - Default batch fetch size: 1
2017-01-12 09:02:14,920 INFO  [SettingsFactory]  - Generate SQL with comments: disabled
2017-01-12 09:02:14,920 INFO  [SettingsFactory]  - Order SQL updates by primary key: disabled
2017-01-12 09:02:14,920 INFO  [SettingsFactory]  - Order SQL inserts for batching: disabled
2017-01-12 09:02:14,920 INFO  [SettingsFactory]  - Query translator: org.hibernate.hql.ast.ASTQueryTranslatorFactory
2017-01-12 09:02:14,922 INFO  [ASTQueryTranslatorFactory]  - Using ASTQueryTranslatorFactory
2017-01-12 09:02:14,922 INFO  [SettingsFactory]  - Query language substitutions: {}
2017-01-12 09:02:14,922 INFO  [SettingsFactory]  - JPA-QL strict compliance: disabled
2017-01-12 09:02:14,922 INFO  [SettingsFactory]  - Second-level cache: enabled
2017-01-12 09:02:14,922 INFO  [SettingsFactory]  - Query cache: disabled
2017-01-12 09:02:14,922 INFO  [SettingsFactory]  - Cache region factory : org.hibernate.cache.impl.NoCachingRegionFactory
2017-01-12 09:02:14,923 INFO  [SettingsFactory]  - Optimize cache for minimal puts: disabled
2017-01-12 09:02:14,924 INFO  [SettingsFactory]  - Structured second-level cache entries: disabled
2017-01-12 09:02:14,926 INFO  [SettingsFactory]  - Echoing all SQL to stdout
2017-01-12 09:02:14,926 INFO  [SettingsFactory]  - Statistics: disabled
2017-01-12 09:02:14,926 INFO  [SettingsFactory]  - Deleted entity synthetic identifier rollback: disabled
2017-01-12 09:02:14,927 INFO  [SettingsFactory]  - Default entity-mode: pojo
2017-01-12 09:02:14,927 INFO  [SettingsFactory]  - Named query checking : enabled
2017-01-12 09:02:14,927 INFO  [SettingsFactory]  - Check Nullability in Core (should be disabled when Bean Validation is on): enabled
2017-01-12 09:02:14,943 INFO  [SessionFactoryImpl]  - building session factory
2017-01-12 09:02:14,950 INFO  [BasicTypeRegistry]  - Type registration [blob] overrides previous : org.hibernate.type.BlobType@a82c5f1
2017-01-12 09:02:14,950 INFO  [BasicTypeRegistry]  - Type registration [java.sql.Blob] overrides previous : org.hibernate.type.BlobType@a82c5f1
2017-01-12 09:02:14,950 INFO  [BasicTypeRegistry]  - Type registration [materialized_blob] overrides previous : org.hibernate.type.MaterializedBlobType@7b7fdc8
2017-01-12 09:02:14,950 INFO  [BasicTypeRegistry]  - Type registration [clob] overrides previous : org.hibernate.type.ClobType@51c693d
2017-01-12 09:02:14,950 INFO  [BasicTypeRegistry]  - Type registration [java.sql.Clob] overrides previous : org.hibernate.type.ClobType@51c693d
2017-01-12 09:02:14,950 INFO  [BasicTypeRegistry]  - Type registration [wrapper_characters_clob] overrides previous : org.hibernate.type.CharacterArrayClobType@6a57ae10
2017-01-12 09:02:14,950 INFO  [BasicTypeRegistry]  - Type registration [materialized_clob] overrides previous : org.hibernate.type.MaterializedClobType@766653e6
2017-01-12 09:02:14,950 INFO  [BasicTypeRegistry]  - Type registration [characters_clob] overrides previous : org.hibernate.type.PrimitiveCharacterArrayClobType@4e07b95f
2017-01-12 09:02:14,950 INFO  [BasicTypeRegistry]  - Type registration [wrapper_materialized_blob] overrides previous : org.hibernate.type.WrappedMaterializedBlobType@28b46423
2017-01-12 09:02:15,091 INFO  [SessionFactoryObjectFactory]  - Not binding factory to JNDI, no JNDI name configured
2017-01-12 09:02:15,313 INFO  [Dialect]  - Using dialect: org.hibernate.dialect.HSQLDialect
2017-01-12 09:02:15,330 INFO  [TableMetadata]  - table found: PUBLIC.PUBLIC.AMMUNITION
2017-01-12 09:02:15,331 INFO  [TableMetadata]  - columns: [cost, caliber, inweapon, name, id]
2017-01-12 09:02:15,331 INFO  [TableMetadata]  - foreign keys: []
2017-01-12 09:02:15,331 INFO  [TableMetadata]  - indexes: [sys_idx_sys_pk_10042_10043]
2017-01-12 09:02:15,349 INFO  [TableMetadata]  - table found: PUBLIC.PUBLIC.MEDICINE
2017-01-12 09:02:15,349 INFO  [TableMetadata]  - columns: [toxicity, cost, name, inpharmacy, id]
2017-01-12 09:02:15,349 INFO  [TableMetadata]  - foreign keys: []
2017-01-12 09:02:15,349 INFO  [TableMetadata]  - indexes: [sys_idx_sys_pk_10047_10048]
2017-01-12 09:02:15,372 INFO  [TableMetadata]  - table found: PUBLIC.PUBLIC.PHARMACY
2017-01-12 09:02:15,372 INFO  [TableMetadata]  - columns: [name, id]
2017-01-12 09:02:15,372 INFO  [TableMetadata]  - foreign keys: []
2017-01-12 09:02:15,372 INFO  [TableMetadata]  - indexes: [sys_idx_sys_pk_10050_10051]
2017-01-12 09:02:15,400 INFO  [TableMetadata]  - table found: PUBLIC.PUBLIC.PHARMACY_MEDICINE
2017-01-12 09:02:15,402 INFO  [TableMetadata]  - columns: [pharmacy_id, medicines_id]
2017-01-12 09:02:15,402 INFO  [TableMetadata]  - foreign keys: [fkd00f8046cd82a8c0, fkd00f8046c0f241bf]
2017-01-12 09:02:15,402 INFO  [TableMetadata]  - indexes: [sys_idx_10065, sys_idx_sys_ct_10054_10056, sys_idx_10067]
2017-01-12 09:02:15,412 INFO  [TableMetadata]  - table found: PUBLIC.PUBLIC.WEAPON
2017-01-12 09:02:15,412 INFO  [TableMetadata]  - columns: [name, id]
2017-01-12 09:02:15,412 INFO  [TableMetadata]  - foreign keys: []
2017-01-12 09:02:15,412 INFO  [TableMetadata]  - indexes: [sys_idx_sys_pk_10058_10059]
2017-01-12 09:02:15,429 INFO  [TableMetadata]  - table found: PUBLIC.PUBLIC.WEAPON_AMMUNITION
2017-01-12 09:02:15,430 INFO  [TableMetadata]  - columns: [ammunitions_id, weapon_id]
2017-01-12 09:02:15,430 INFO  [TableMetadata]  - foreign keys: [fk910ae126b46170d2, fk910ae126bcd5d25f]
2017-01-12 09:02:15,430 INFO  [TableMetadata]  - indexes: [sys_idx_sys_ct_10062_10064, sys_idx_10069, sys_idx_10071]
2017-01-12 09:02:15,839 INFO  [SessionFactoryImpl]  - closing
2017-01-12 09:02:22,421 INFO  [Version]  - Hibernate Commons Annotations 3.2.0.Final
2017-01-12 09:02:22,425 INFO  [Environment]  - Hibernate 3.6.6.Final
2017-01-12 09:02:22,428 INFO  [Environment]  - hibernate.properties not found
2017-01-12 09:02:22,431 INFO  [Environment]  - Bytecode provider name : javassist
2017-01-12 09:02:22,433 INFO  [Environment]  - using JDK 1.4 java.sql.Timestamp handling
2017-01-12 09:02:22,526 INFO  [AnnotationBinder]  - Binding entity from annotated class: com.example.shdemo.domain.Medicine
2017-01-12 09:02:22,538 INFO  [QueryBinder]  - Binding Named query: medicine.all => Select m from Medicine m
2017-01-12 09:02:22,538 INFO  [QueryBinder]  - Binding Named query: medicine.byId => Select m from Medicine m where m.id = :id
2017-01-12 09:02:22,539 INFO  [QueryBinder]  - Binding Named query: medicine.notSold => Select m from Medicine m where m.inPharmacy = false
2017-01-12 09:02:22,555 INFO  [EntityBinder]  - Bind entity com.example.shdemo.domain.Medicine on table Medicine
2017-01-12 09:02:22,594 INFO  [AnnotationBinder]  - Binding entity from annotated class: com.example.shdemo.domain.Pharmacy
2017-01-12 09:02:22,594 INFO  [QueryBinder]  - Binding Named query: pharmacy.all => Select p from Pharmacy p
2017-01-12 09:02:22,594 INFO  [QueryBinder]  - Binding Named query: pharmacy.byId => Select p from Pharmacy p where p.id = :id
2017-01-12 09:02:22,595 INFO  [QueryBinder]  - Binding Named query: pharmacy.byName => Select p from Pharmacy p where p.name = :name
2017-01-12 09:02:22,595 INFO  [EntityBinder]  - Bind entity com.example.shdemo.domain.Pharmacy on table Pharmacy
2017-01-12 09:02:22,622 INFO  [AnnotationBinder]  - Binding entity from annotated class: com.example.shdemo.domain.Ammunition
2017-01-12 09:02:22,622 INFO  [QueryBinder]  - Binding Named query: ammunition.all => Select m from Ammunition m
2017-01-12 09:02:22,623 INFO  [QueryBinder]  - Binding Named query: ammunition.byId => Select m from Ammunition m where m.id = :id
2017-01-12 09:02:22,623 INFO  [EntityBinder]  - Bind entity com.example.shdemo.domain.Ammunition on table Ammunition
2017-01-12 09:02:22,630 INFO  [AnnotationBinder]  - Binding entity from annotated class: com.example.shdemo.domain.Weapon
2017-01-12 09:02:22,630 INFO  [QueryBinder]  - Binding Named query: weapon.all => Select p from Weapon p
2017-01-12 09:02:22,630 INFO  [QueryBinder]  - Binding Named query: weapon.byId => Select p from Weapon p where p.id = :id
2017-01-12 09:02:22,630 INFO  [QueryBinder]  - Binding Named query: weapon.byName => Select p from Weapon p where p.name = :name
2017-01-12 09:02:22,630 INFO  [EntityBinder]  - Bind entity com.example.shdemo.domain.Weapon on table Weapon
2017-01-12 09:02:22,651 INFO  [Configuration]  - Hibernate Validator not found: ignoring
2017-01-12 09:02:22,654 INFO  [HibernateSearchEventListenerRegister]  - Unable to find org.hibernate.search.event.FullTextIndexEventListener on the classpath. Hibernate Search is not enabled.
2017-01-12 09:02:22,660 INFO  [ConnectionProviderFactory]  - Initializing connection provider: org.springframework.orm.hibernate3.LocalDataSourceConnectionProvider
2017-01-12 09:02:22,966 INFO  [Dialect]  - Using dialect: org.hibernate.dialect.HSQLDialect
2017-01-12 09:02:22,985 INFO  [SettingsFactory]  - Database ->
       name : HSQL Database Engine
    version : 2.2.4
      major : 2
      minor : 2
2017-01-12 09:02:22,985 INFO  [SettingsFactory]  - Driver ->
       name : HSQL Database Engine Driver
    version : 2.2.4
      major : 2
      minor : 2
2017-01-12 09:02:22,990 INFO  [TransactionFactoryFactory]  - Transaction strategy: org.springframework.orm.hibernate3.SpringTransactionFactory
2017-01-12 09:02:22,992 INFO  [TransactionManagerLookupFactory]  - No TransactionManagerLookup configured (in JTA environment, use of read-write or transactional second-level cache is not recommended)
2017-01-12 09:02:22,993 INFO  [SettingsFactory]  - Automatic flush during beforeCompletion(): disabled
2017-01-12 09:02:22,993 INFO  [SettingsFactory]  - Automatic session close at end of transaction: disabled
2017-01-12 09:02:22,995 INFO  [SettingsFactory]  - JDBC batch size: 15
2017-01-12 09:02:22,996 INFO  [SettingsFactory]  - JDBC batch updates for versioned data: disabled
2017-01-12 09:02:22,997 INFO  [SettingsFactory]  - Scrollable result sets: enabled
2017-01-12 09:02:22,997 INFO  [SettingsFactory]  - JDBC3 getGeneratedKeys(): enabled
2017-01-12 09:02:22,997 INFO  [SettingsFactory]  - Connection release mode: auto
2017-01-12 09:02:22,998 INFO  [SettingsFactory]  - Default batch fetch size: 1
2017-01-12 09:02:22,999 INFO  [SettingsFactory]  - Generate SQL with comments: disabled
2017-01-12 09:02:22,999 INFO  [SettingsFactory]  - Order SQL updates by primary key: disabled
2017-01-12 09:02:22,999 INFO  [SettingsFactory]  - Order SQL inserts for batching: disabled
2017-01-12 09:02:22,999 INFO  [SettingsFactory]  - Query translator: org.hibernate.hql.ast.ASTQueryTranslatorFactory
2017-01-12 09:02:23,001 INFO  [ASTQueryTranslatorFactory]  - Using ASTQueryTranslatorFactory
2017-01-12 09:02:23,002 INFO  [SettingsFactory]  - Query language substitutions: {}
2017-01-12 09:02:23,002 INFO  [SettingsFactory]  - JPA-QL strict compliance: disabled
2017-01-12 09:02:23,002 INFO  [SettingsFactory]  - Second-level cache: enabled
2017-01-12 09:02:23,002 INFO  [SettingsFactory]  - Query cache: disabled
2017-01-12 09:02:23,002 INFO  [SettingsFactory]  - Cache region factory : org.hibernate.cache.impl.NoCachingRegionFactory
2017-01-12 09:02:23,003 INFO  [SettingsFactory]  - Optimize cache for minimal puts: disabled
2017-01-12 09:02:23,003 INFO  [SettingsFactory]  - Structured second-level cache entries: disabled
2017-01-12 09:02:23,005 INFO  [SettingsFactory]  - Echoing all SQL to stdout
2017-01-12 09:02:23,005 INFO  [SettingsFactory]  - Statistics: disabled
2017-01-12 09:02:23,005 INFO  [SettingsFactory]  - Deleted entity synthetic identifier rollback: disabled
2017-01-12 09:02:23,005 INFO  [SettingsFactory]  - Default entity-mode: pojo
2017-01-12 09:02:23,006 INFO  [SettingsFactory]  - Named query checking : enabled
2017-01-12 09:02:23,006 INFO  [SettingsFactory]  - Check Nullability in Core (should be disabled when Bean Validation is on): enabled
2017-01-12 09:02:23,022 INFO  [SessionFactoryImpl]  - building session factory
2017-01-12 09:02:23,026 INFO  [BasicTypeRegistry]  - Type registration [blob] overrides previous : org.hibernate.type.BlobType@a82c5f1
2017-01-12 09:02:23,028 INFO  [BasicTypeRegistry]  - Type registration [java.sql.Blob] overrides previous : org.hibernate.type.BlobType@a82c5f1
2017-01-12 09:02:23,028 INFO  [BasicTypeRegistry]  - Type registration [materialized_blob] overrides previous : org.hibernate.type.MaterializedBlobType@7b7fdc8
2017-01-12 09:02:23,028 INFO  [BasicTypeRegistry]  - Type registration [clob] overrides previous : org.hibernate.type.ClobType@51c693d
2017-01-12 09:02:23,028 INFO  [BasicTypeRegistry]  - Type registration [java.sql.Clob] overrides previous : org.hibernate.type.ClobType@51c693d
2017-01-12 09:02:23,028 INFO  [BasicTypeRegistry]  - Type registration [wrapper_characters_clob] overrides previous : org.hibernate.type.CharacterArrayClobType@6a57ae10
2017-01-12 09:02:23,028 INFO  [BasicTypeRegistry]  - Type registration [materialized_clob] overrides previous : org.hibernate.type.MaterializedClobType@766653e6
2017-01-12 09:02:23,028 INFO  [BasicTypeRegistry]  - Type registration [characters_clob] overrides previous : org.hibernate.type.PrimitiveCharacterArrayClobType@4e07b95f
2017-01-12 09:02:23,028 INFO  [BasicTypeRegistry]  - Type registration [wrapper_materialized_blob] overrides previous : org.hibernate.type.WrappedMaterializedBlobType@28b46423
2017-01-12 09:02:23,180 INFO  [SessionFactoryObjectFactory]  - Not binding factory to JNDI, no JNDI name configured
2017-01-12 09:02:23,355 INFO  [Dialect]  - Using dialect: org.hibernate.dialect.HSQLDialect
2017-01-12 09:02:23,380 INFO  [TableMetadata]  - table found: PUBLIC.PUBLIC.AMMUNITION
2017-01-12 09:02:23,380 INFO  [TableMetadata]  - columns: [cost, caliber, inweapon, name, id]
2017-01-12 09:02:23,380 INFO  [TableMetadata]  - foreign keys: []
2017-01-12 09:02:23,380 INFO  [TableMetadata]  - indexes: [sys_idx_sys_pk_10042_10043]
2017-01-12 09:02:23,390 INFO  [TableMetadata]  - table found: PUBLIC.PUBLIC.MEDICINE
2017-01-12 09:02:23,391 INFO  [TableMetadata]  - columns: [toxicity, cost, name, inpharmacy, id]
2017-01-12 09:02:23,391 INFO  [TableMetadata]  - foreign keys: []
2017-01-12 09:02:23,391 INFO  [TableMetadata]  - indexes: [sys_idx_sys_pk_10047_10048]
2017-01-12 09:02:23,407 INFO  [TableMetadata]  - table found: PUBLIC.PUBLIC.PHARMACY
2017-01-12 09:02:23,407 INFO  [TableMetadata]  - columns: [name, id]
2017-01-12 09:02:23,407 INFO  [TableMetadata]  - foreign keys: []
2017-01-12 09:02:23,407 INFO  [TableMetadata]  - indexes: [sys_idx_sys_pk_10050_10051]
2017-01-12 09:02:23,422 INFO  [TableMetadata]  - table found: PUBLIC.PUBLIC.PHARMACY_MEDICINE
2017-01-12 09:02:23,422 INFO  [TableMetadata]  - columns: [pharmacy_id, medicines_id]
2017-01-12 09:02:23,422 INFO  [TableMetadata]  - foreign keys: [fkd00f8046cd82a8c0, fkd00f8046c0f241bf]
2017-01-12 09:02:23,423 INFO  [TableMetadata]  - indexes: [sys_idx_10065, sys_idx_sys_ct_10054_10056, sys_idx_10067]
2017-01-12 09:02:23,449 INFO  [TableMetadata]  - table found: PUBLIC.PUBLIC.WEAPON
2017-01-12 09:02:23,449 INFO  [TableMetadata]  - columns: [name, id]
2017-01-12 09:02:23,449 INFO  [TableMetadata]  - foreign keys: []
2017-01-12 09:02:23,449 INFO  [TableMetadata]  - indexes: [sys_idx_sys_pk_10058_10059]
2017-01-12 09:02:23,460 INFO  [TableMetadata]  - table found: PUBLIC.PUBLIC.WEAPON_AMMUNITION
2017-01-12 09:02:23,461 INFO  [TableMetadata]  - columns: [ammunitions_id, weapon_id]
2017-01-12 09:02:23,461 INFO  [TableMetadata]  - foreign keys: [fk910ae126b46170d2, fk910ae126bcd5d25f]
2017-01-12 09:02:23,461 INFO  [TableMetadata]  - indexes: [sys_idx_sys_ct_10062_10064, sys_idx_10069, sys_idx_10071]
2017-01-12 09:02:23,942 INFO  [SessionFactoryImpl]  - closing
2017-01-12 09:04:28,219 INFO  [Version]  - Hibernate Commons Annotations 3.2.0.Final
2017-01-12 09:04:28,223 INFO  [Environment]  - Hibernate 3.6.6.Final
2017-01-12 09:04:28,224 INFO  [Environment]  - hibernate.properties not found
2017-01-12 09:04:28,226 INFO  [Environment]  - Bytecode provider name : javassist
2017-01-12 09:04:28,228 INFO  [Environment]  - using JDK 1.4 java.sql.Timestamp handling
2017-01-12 09:04:28,303 INFO  [AnnotationBinder]  - Binding entity from annotated class: com.example.shdemo.domain.Medicine
2017-01-12 09:04:28,316 INFO  [QueryBinder]  - Binding Named query: medicine.all => Select m from Medicine m
2017-01-12 09:04:28,319 INFO  [QueryBinder]  - Binding Named query: medicine.byId => Select m from Medicine m where m.id = :id
2017-01-12 09:04:28,326 INFO  [QueryBinder]  - Binding Named query: medicine.notSold => Select m from Medicine m where m.inPharmacy = false
2017-01-12 09:04:28,347 INFO  [EntityBinder]  - Bind entity com.example.shdemo.domain.Medicine on table Medicine
2017-01-12 09:04:28,388 INFO  [AnnotationBinder]  - Binding entity from annotated class: com.example.shdemo.domain.Pharmacy
2017-01-12 09:04:28,405 INFO  [QueryBinder]  - Binding Named query: pharmacy.all => Select p from Pharmacy p
2017-01-12 09:04:28,406 INFO  [QueryBinder]  - Binding Named query: pharmacy.byId => Select p from Pharmacy p where p.id = :id
2017-01-12 09:04:28,406 INFO  [QueryBinder]  - Binding Named query: pharmacy.byName => Select p from Pharmacy p where p.name = :name
2017-01-12 09:04:28,407 INFO  [EntityBinder]  - Bind entity com.example.shdemo.domain.Pharmacy on table Pharmacy
2017-01-12 09:04:28,441 INFO  [AnnotationBinder]  - Binding entity from annotated class: com.example.shdemo.domain.Ammunition
2017-01-12 09:04:28,442 INFO  [QueryBinder]  - Binding Named query: ammunition.all => Select m from Ammunition m
2017-01-12 09:04:28,442 INFO  [QueryBinder]  - Binding Named query: ammunition.byId => Select m from Ammunition m where m.id = :id
2017-01-12 09:04:28,442 INFO  [EntityBinder]  - Bind entity com.example.shdemo.domain.Ammunition on table Ammunition
2017-01-12 09:04:28,443 INFO  [AnnotationBinder]  - Binding entity from annotated class: com.example.shdemo.domain.Weapon
2017-01-12 09:04:28,444 INFO  [QueryBinder]  - Binding Named query: weapon.all => Select p from Weapon p
2017-01-12 09:04:28,444 INFO  [QueryBinder]  - Binding Named query: weapon.byId => Select p from Weapon p where p.id = :id
2017-01-12 09:04:28,444 INFO  [QueryBinder]  - Binding Named query: weapon.byName => Select p from Weapon p where p.name = :name
2017-01-12 09:04:28,444 INFO  [EntityBinder]  - Bind entity com.example.shdemo.domain.Weapon on table Weapon
2017-01-12 09:04:28,466 INFO  [Configuration]  - Hibernate Validator not found: ignoring
2017-01-12 09:04:28,469 INFO  [HibernateSearchEventListenerRegister]  - Unable to find org.hibernate.search.event.FullTextIndexEventListener on the classpath. Hibernate Search is not enabled.
2017-01-12 09:04:28,476 INFO  [ConnectionProviderFactory]  - Initializing connection provider: org.springframework.orm.hibernate3.LocalDataSourceConnectionProvider
2017-01-12 09:04:28,774 INFO  [Dialect]  - Using dialect: org.hibernate.dialect.HSQLDialect
2017-01-12 09:04:28,807 INFO  [SettingsFactory]  - Database ->
       name : HSQL Database Engine
    version : 2.2.4
      major : 2
      minor : 2
2017-01-12 09:04:28,807 INFO  [SettingsFactory]  - Driver ->
       name : HSQL Database Engine Driver
    version : 2.2.4
      major : 2
      minor : 2
2017-01-12 09:04:28,809 INFO  [TransactionFactoryFactory]  - Transaction strategy: org.springframework.orm.hibernate3.SpringTransactionFactory
2017-01-12 09:04:28,810 INFO  [TransactionManagerLookupFactory]  - No TransactionManagerLookup configured (in JTA environment, use of read-write or transactional second-level cache is not recommended)
2017-01-12 09:04:28,810 INFO  [SettingsFactory]  - Automatic flush during beforeCompletion(): disabled
2017-01-12 09:04:28,810 INFO  [SettingsFactory]  - Automatic session close at end of transaction: disabled
2017-01-12 09:04:28,810 INFO  [SettingsFactory]  - JDBC batch size: 15
2017-01-12 09:04:28,811 INFO  [SettingsFactory]  - JDBC batch updates for versioned data: disabled
2017-01-12 09:04:28,811 INFO  [SettingsFactory]  - Scrollable result sets: enabled
2017-01-12 09:04:28,811 INFO  [SettingsFactory]  - JDBC3 getGeneratedKeys(): enabled
2017-01-12 09:04:28,811 INFO  [SettingsFactory]  - Connection release mode: auto
2017-01-12 09:04:28,812 INFO  [SettingsFactory]  - Default batch fetch size: 1
2017-01-12 09:04:28,812 INFO  [SettingsFactory]  - Generate SQL with comments: disabled
2017-01-12 09:04:28,812 INFO  [SettingsFactory]  - Order SQL updates by primary key: disabled
2017-01-12 09:04:28,813 INFO  [SettingsFactory]  - Order SQL inserts for batching: disabled
2017-01-12 09:04:28,814 INFO  [SettingsFactory]  - Query translator: org.hibernate.hql.ast.ASTQueryTranslatorFactory
2017-01-12 09:04:28,815 INFO  [ASTQueryTranslatorFactory]  - Using ASTQueryTranslatorFactory
2017-01-12 09:04:28,816 INFO  [SettingsFactory]  - Query language substitutions: {}
2017-01-12 09:04:28,817 INFO  [SettingsFactory]  - JPA-QL strict compliance: disabled
2017-01-12 09:04:28,817 INFO  [SettingsFactory]  - Second-level cache: enabled
2017-01-12 09:04:28,817 INFO  [SettingsFactory]  - Query cache: disabled
2017-01-12 09:04:28,817 INFO  [SettingsFactory]  - Cache region factory : org.hibernate.cache.impl.NoCachingRegionFactory
2017-01-12 09:04:28,819 INFO  [SettingsFactory]  - Optimize cache for minimal puts: disabled
2017-01-12 09:04:28,819 INFO  [SettingsFactory]  - Structured second-level cache entries: disabled
2017-01-12 09:04:28,823 INFO  [SettingsFactory]  - Echoing all SQL to stdout
2017-01-12 09:04:28,824 INFO  [SettingsFactory]  - Statistics: disabled
2017-01-12 09:04:28,824 INFO  [SettingsFactory]  - Deleted entity synthetic identifier rollback: disabled
2017-01-12 09:04:28,824 INFO  [SettingsFactory]  - Default entity-mode: pojo
2017-01-12 09:04:28,824 INFO  [SettingsFactory]  - Named query checking : enabled
2017-01-12 09:04:28,824 INFO  [SettingsFactory]  - Check Nullability in Core (should be disabled when Bean Validation is on): enabled
2017-01-12 09:04:28,852 INFO  [SessionFactoryImpl]  - building session factory
2017-01-12 09:04:28,860 INFO  [BasicTypeRegistry]  - Type registration [blob] overrides previous : org.hibernate.type.BlobType@a82c5f1
2017-01-12 09:04:28,860 INFO  [BasicTypeRegistry]  - Type registration [java.sql.Blob] overrides previous : org.hibernate.type.BlobType@a82c5f1
2017-01-12 09:04:28,860 INFO  [BasicTypeRegistry]  - Type registration [materialized_blob] overrides previous : org.hibernate.type.MaterializedBlobType@7b7fdc8
2017-01-12 09:04:28,860 INFO  [BasicTypeRegistry]  - Type registration [clob] overrides previous : org.hibernate.type.ClobType@51c693d
2017-01-12 09:04:28,860 INFO  [BasicTypeRegistry]  - Type registration [java.sql.Clob] overrides previous : org.hibernate.type.ClobType@51c693d
2017-01-12 09:04:28,860 INFO  [BasicTypeRegistry]  - Type registration [wrapper_characters_clob] overrides previous : org.hibernate.type.CharacterArrayClobType@6a57ae10
2017-01-12 09:04:28,860 INFO  [BasicTypeRegistry]  - Type registration [materialized_clob] overrides previous : org.hibernate.type.MaterializedClobType@766653e6
2017-01-12 09:04:28,860 INFO  [BasicTypeRegistry]  - Type registration [characters_clob] overrides previous : org.hibernate.type.PrimitiveCharacterArrayClobType@4e07b95f
2017-01-12 09:04:28,860 INFO  [BasicTypeRegistry]  - Type registration [wrapper_materialized_blob] overrides previous : org.hibernate.type.WrappedMaterializedBlobType@28b46423
2017-01-12 09:04:28,988 INFO  [SessionFactoryObjectFactory]  - Not binding factory to JNDI, no JNDI name configured
2017-01-12 09:04:29,180 INFO  [Dialect]  - Using dialect: org.hibernate.dialect.HSQLDialect
2017-01-12 09:04:29,198 INFO  [TableMetadata]  - table found: PUBLIC.PUBLIC.AMMUNITION
2017-01-12 09:04:29,198 INFO  [TableMetadata]  - columns: [cost, caliber, inweapon, name, id]
2017-01-12 09:04:29,198 INFO  [TableMetadata]  - foreign keys: []
2017-01-12 09:04:29,198 INFO  [TableMetadata]  - indexes: [sys_idx_sys_pk_10042_10043]
2017-01-12 09:04:29,221 INFO  [TableMetadata]  - table found: PUBLIC.PUBLIC.MEDICINE
2017-01-12 09:04:29,221 INFO  [TableMetadata]  - columns: [toxicity, cost, name, inpharmacy, id]
2017-01-12 09:04:29,221 INFO  [TableMetadata]  - foreign keys: []
2017-01-12 09:04:29,221 INFO  [TableMetadata]  - indexes: [sys_idx_sys_pk_10047_10048]
2017-01-12 09:04:29,235 INFO  [TableMetadata]  - table found: PUBLIC.PUBLIC.PHARMACY
2017-01-12 09:04:29,236 INFO  [TableMetadata]  - columns: [name, id]
2017-01-12 09:04:29,236 INFO  [TableMetadata]  - foreign keys: []
2017-01-12 09:04:29,236 INFO  [TableMetadata]  - indexes: [sys_idx_sys_pk_10050_10051]
2017-01-12 09:04:29,250 INFO  [TableMetadata]  - table found: PUBLIC.PUBLIC.PHARMACY_MEDICINE
2017-01-12 09:04:29,250 INFO  [TableMetadata]  - columns: [pharmacy_id, medicines_id]
2017-01-12 09:04:29,250 INFO  [TableMetadata]  - foreign keys: [fkd00f8046cd82a8c0, fkd00f8046c0f241bf]
2017-01-12 09:04:29,250 INFO  [TableMetadata]  - indexes: [sys_idx_10065, sys_idx_sys_ct_10054_10056, sys_idx_10067]
2017-01-12 09:04:29,263 INFO  [TableMetadata]  - table found: PUBLIC.PUBLIC.WEAPON
2017-01-12 09:04:29,263 INFO  [TableMetadata]  - columns: [name, id]
2017-01-12 09:04:29,264 INFO  [TableMetadata]  - foreign keys: []
2017-01-12 09:04:29,264 INFO  [TableMetadata]  - indexes: [sys_idx_sys_pk_10058_10059]
2017-01-12 09:04:29,274 INFO  [TableMetadata]  - table found: PUBLIC.PUBLIC.WEAPON_AMMUNITION
2017-01-12 09:04:29,274 INFO  [TableMetadata]  - columns: [ammunitions_id, weapon_id]
2017-01-12 09:04:29,274 INFO  [TableMetadata]  - foreign keys: [fk910ae126b46170d2, fk910ae126bcd5d25f]
2017-01-12 09:04:29,274 INFO  [TableMetadata]  - indexes: [sys_idx_sys_ct_10062_10064, sys_idx_10069, sys_idx_10071]
2017-01-12 09:04:29,747 INFO  [SessionFactoryImpl]  - closing
2017-01-12 09:04:35,096 INFO  [Version]  - Hibernate Commons Annotations 3.2.0.Final
2017-01-12 09:04:35,101 INFO  [Environment]  - Hibernate 3.6.6.Final
2017-01-12 09:04:35,102 INFO  [Environment]  - hibernate.properties not found
2017-01-12 09:04:35,105 INFO  [Environment]  - Bytecode provider name : javassist
2017-01-12 09:04:35,107 INFO  [Environment]  - using JDK 1.4 java.sql.Timestamp handling
2017-01-12 09:04:35,184 INFO  [AnnotationBinder]  - Binding entity from annotated class: com.example.shdemo.domain.Medicine
2017-01-12 09:04:35,196 INFO  [QueryBinder]  - Binding Named query: medicine.all => Select m from Medicine m
2017-01-12 09:04:35,196 INFO  [QueryBinder]  - Binding Named query: medicine.byId => Select m from Medicine m where m.id = :id
2017-01-12 09:04:35,196 INFO  [QueryBinder]  - Binding Named query: medicine.notSold => Select m from Medicine m where m.inPharmacy = false
2017-01-12 09:04:35,208 INFO  [EntityBinder]  - Bind entity com.example.shdemo.domain.Medicine on table Medicine
2017-01-12 09:04:35,245 INFO  [AnnotationBinder]  - Binding entity from annotated class: com.example.shdemo.domain.Pharmacy
2017-01-12 09:04:35,245 INFO  [QueryBinder]  - Binding Named query: pharmacy.all => Select p from Pharmacy p
2017-01-12 09:04:35,245 INFO  [QueryBinder]  - Binding Named query: pharmacy.byId => Select p from Pharmacy p where p.id = :id
2017-01-12 09:04:35,245 INFO  [QueryBinder]  - Binding Named query: pharmacy.byName => Select p from Pharmacy p where p.name = :name
2017-01-12 09:04:35,246 INFO  [EntityBinder]  - Bind entity com.example.shdemo.domain.Pharmacy on table Pharmacy
2017-01-12 09:04:35,280 INFO  [AnnotationBinder]  - Binding entity from annotated class: com.example.shdemo.domain.Ammunition
2017-01-12 09:04:35,281 INFO  [QueryBinder]  - Binding Named query: ammunition.all => Select m from Ammunition m
2017-01-12 09:04:35,282 INFO  [QueryBinder]  - Binding Named query: ammunition.byId => Select m from Ammunition m where m.id = :id
2017-01-12 09:04:35,282 INFO  [EntityBinder]  - Bind entity com.example.shdemo.domain.Ammunition on table Ammunition
2017-01-12 09:04:35,293 INFO  [AnnotationBinder]  - Binding entity from annotated class: com.example.shdemo.domain.Weapon
2017-01-12 09:04:35,293 INFO  [QueryBinder]  - Binding Named query: weapon.all => Select p from Weapon p
2017-01-12 09:04:35,293 INFO  [QueryBinder]  - Binding Named query: weapon.byId => Select p from Weapon p where p.id = :id
2017-01-12 09:04:35,293 INFO  [QueryBinder]  - Binding Named query: weapon.byName => Select p from Weapon p where p.name = :name
2017-01-12 09:04:35,293 INFO  [EntityBinder]  - Bind entity com.example.shdemo.domain.Weapon on table Weapon
2017-01-12 09:04:35,315 INFO  [Configuration]  - Hibernate Validator not found: ignoring
2017-01-12 09:04:35,319 INFO  [HibernateSearchEventListenerRegister]  - Unable to find org.hibernate.search.event.FullTextIndexEventListener on the classpath. Hibernate Search is not enabled.
2017-01-12 09:04:35,327 INFO  [ConnectionProviderFactory]  - Initializing connection provider: org.springframework.orm.hibernate3.LocalDataSourceConnectionProvider
2017-01-12 09:04:35,613 INFO  [Dialect]  - Using dialect: org.hibernate.dialect.HSQLDialect
2017-01-12 09:04:35,632 INFO  [SettingsFactory]  - Database ->
       name : HSQL Database Engine
    version : 2.2.4
      major : 2
      minor : 2
2017-01-12 09:04:35,632 INFO  [SettingsFactory]  - Driver ->
       name : HSQL Database Engine Driver
    version : 2.2.4
      major : 2
      minor : 2
2017-01-12 09:04:35,633 INFO  [TransactionFactoryFactory]  - Transaction strategy: org.springframework.orm.hibernate3.SpringTransactionFactory
2017-01-12 09:04:35,634 INFO  [TransactionManagerLookupFactory]  - No TransactionManagerLookup configured (in JTA environment, use of read-write or transactional second-level cache is not recommended)
2017-01-12 09:04:35,634 INFO  [SettingsFactory]  - Automatic flush during beforeCompletion(): disabled
2017-01-12 09:04:35,634 INFO  [SettingsFactory]  - Automatic session close at end of transaction: disabled
2017-01-12 09:04:35,634 INFO  [SettingsFactory]  - JDBC batch size: 15
2017-01-12 09:04:35,635 INFO  [SettingsFactory]  - JDBC batch updates for versioned data: disabled
2017-01-12 09:04:35,635 INFO  [SettingsFactory]  - Scrollable result sets: enabled
2017-01-12 09:04:35,635 INFO  [SettingsFactory]  - JDBC3 getGeneratedKeys(): enabled
2017-01-12 09:04:35,635 INFO  [SettingsFactory]  - Connection release mode: auto
2017-01-12 09:04:35,636 INFO  [SettingsFactory]  - Default batch fetch size: 1
2017-01-12 09:04:35,636 INFO  [SettingsFactory]  - Generate SQL with comments: disabled
2017-01-12 09:04:35,636 INFO  [SettingsFactory]  - Order SQL updates by primary key: disabled
2017-01-12 09:04:35,636 INFO  [SettingsFactory]  - Order SQL inserts for batching: disabled
2017-01-12 09:04:35,636 INFO  [SettingsFactory]  - Query translator: org.hibernate.hql.ast.ASTQueryTranslatorFactory
2017-01-12 09:04:35,639 INFO  [ASTQueryTranslatorFactory]  - Using ASTQueryTranslatorFactory
2017-01-12 09:04:35,639 INFO  [SettingsFactory]  - Query language substitutions: {}
2017-01-12 09:04:35,639 INFO  [SettingsFactory]  - JPA-QL strict compliance: disabled
2017-01-12 09:04:35,639 INFO  [SettingsFactory]  - Second-level cache: enabled
2017-01-12 09:04:35,639 INFO  [SettingsFactory]  - Query cache: disabled
2017-01-12 09:04:35,639 INFO  [SettingsFactory]  - Cache region factory : org.hibernate.cache.impl.NoCachingRegionFactory
2017-01-12 09:04:35,642 INFO  [SettingsFactory]  - Optimize cache for minimal puts: disabled
2017-01-12 09:04:35,642 INFO  [SettingsFactory]  - Structured second-level cache entries: disabled
2017-01-12 09:04:35,645 INFO  [SettingsFactory]  - Echoing all SQL to stdout
2017-01-12 09:04:35,646 INFO  [SettingsFactory]  - Statistics: disabled
2017-01-12 09:04:35,646 INFO  [SettingsFactory]  - Deleted entity synthetic identifier rollback: disabled
2017-01-12 09:04:35,646 INFO  [SettingsFactory]  - Default entity-mode: pojo
2017-01-12 09:04:35,646 INFO  [SettingsFactory]  - Named query checking : enabled
2017-01-12 09:04:35,647 INFO  [SettingsFactory]  - Check Nullability in Core (should be disabled when Bean Validation is on): enabled
2017-01-12 09:04:35,665 INFO  [SessionFactoryImpl]  - building session factory
2017-01-12 09:04:35,669 INFO  [BasicTypeRegistry]  - Type registration [blob] overrides previous : org.hibernate.type.BlobType@a82c5f1
2017-01-12 09:04:35,669 INFO  [BasicTypeRegistry]  - Type registration [java.sql.Blob] overrides previous : org.hibernate.type.BlobType@a82c5f1
2017-01-12 09:04:35,675 INFO  [BasicTypeRegistry]  - Type registration [materialized_blob] overrides previous : org.hibernate.type.MaterializedBlobType@7b7fdc8
2017-01-12 09:04:35,676 INFO  [BasicTypeRegistry]  - Type registration [clob] overrides previous : org.hibernate.type.ClobType@51c693d
2017-01-12 09:04:35,676 INFO  [BasicTypeRegistry]  - Type registration [java.sql.Clob] overrides previous : org.hibernate.type.ClobType@51c693d
2017-01-12 09:04:35,680 INFO  [BasicTypeRegistry]  - Type registration [wrapper_characters_clob] overrides previous : org.hibernate.type.CharacterArrayClobType@6a57ae10
2017-01-12 09:04:35,680 INFO  [BasicTypeRegistry]  - Type registration [materialized_clob] overrides previous : org.hibernate.type.MaterializedClobType@766653e6
2017-01-12 09:04:35,680 INFO  [BasicTypeRegistry]  - Type registration [characters_clob] overrides previous : org.hibernate.type.PrimitiveCharacterArrayClobType@4e07b95f
2017-01-12 09:04:35,680 INFO  [BasicTypeRegistry]  - Type registration [wrapper_materialized_blob] overrides previous : org.hibernate.type.WrappedMaterializedBlobType@28b46423
2017-01-12 09:04:35,819 INFO  [SessionFactoryObjectFactory]  - Not binding factory to JNDI, no JNDI name configured
2017-01-12 09:04:36,010 INFO  [Dialect]  - Using dialect: org.hibernate.dialect.HSQLDialect
2017-01-12 09:04:36,035 INFO  [TableMetadata]  - table found: PUBLIC.PUBLIC.AMMUNITION
2017-01-12 09:04:36,035 INFO  [TableMetadata]  - columns: [cost, caliber, inweapon, name, id]
2017-01-12 09:04:36,036 INFO  [TableMetadata]  - foreign keys: []
2017-01-12 09:04:36,036 INFO  [TableMetadata]  - indexes: [sys_idx_sys_pk_10042_10043]
2017-01-12 09:04:36,052 INFO  [TableMetadata]  - table found: PUBLIC.PUBLIC.MEDICINE
2017-01-12 09:04:36,052 INFO  [TableMetadata]  - columns: [toxicity, cost, name, inpharmacy, id]
2017-01-12 09:04:36,052 INFO  [TableMetadata]  - foreign keys: []
2017-01-12 09:04:36,052 INFO  [TableMetadata]  - indexes: [sys_idx_sys_pk_10047_10048]
2017-01-12 09:04:36,060 INFO  [TableMetadata]  - table found: PUBLIC.PUBLIC.PHARMACY
2017-01-12 09:04:36,060 INFO  [TableMetadata]  - columns: [name, id]
2017-01-12 09:04:36,060 INFO  [TableMetadata]  - foreign keys: []
2017-01-12 09:04:36,060 INFO  [TableMetadata]  - indexes: [sys_idx_sys_pk_10050_10051]
2017-01-12 09:04:36,070 INFO  [TableMetadata]  - table found: PUBLIC.PUBLIC.PHARMACY_MEDICINE
2017-01-12 09:04:36,070 INFO  [TableMetadata]  - columns: [pharmacy_id, medicines_id]
2017-01-12 09:04:36,070 INFO  [TableMetadata]  - foreign keys: [fkd00f8046cd82a8c0, fkd00f8046c0f241bf]
2017-01-12 09:04:36,070 INFO  [TableMetadata]  - indexes: [sys_idx_10065, sys_idx_sys_ct_10054_10056, sys_idx_10067]
2017-01-12 09:04:36,080 INFO  [TableMetadata]  - table found: PUBLIC.PUBLIC.WEAPON
2017-01-12 09:04:36,080 INFO  [TableMetadata]  - columns: [name, id]
2017-01-12 09:04:36,080 INFO  [TableMetadata]  - foreign keys: []
2017-01-12 09:04:36,080 INFO  [TableMetadata]  - indexes: [sys_idx_sys_pk_10058_10059]
2017-01-12 09:04:36,099 INFO  [TableMetadata]  - table found: PUBLIC.PUBLIC.WEAPON_AMMUNITION
2017-01-12 09:04:36,100 INFO  [TableMetadata]  - columns: [ammunitions_id, weapon_id]
2017-01-12 09:04:36,100 INFO  [TableMetadata]  - foreign keys: [fk910ae126b46170d2, fk910ae126bcd5d25f]
2017-01-12 09:04:36,100 INFO  [TableMetadata]  - indexes: [sys_idx_sys_ct_10062_10064, sys_idx_10069, sys_idx_10071]
2017-01-12 09:04:36,552 INFO  [SessionFactoryImpl]  - closing
2017-01-12 09:04:41,028 INFO  [Version]  - Hibernate Commons Annotations 3.2.0.Final
2017-01-12 09:04:41,032 INFO  [Environment]  - Hibernate 3.6.6.Final
2017-01-12 09:04:41,033 INFO  [Environment]  - hibernate.properties not found
2017-01-12 09:04:41,035 INFO  [Environment]  - Bytecode provider name : javassist
2017-01-12 09:04:41,037 INFO  [Environment]  - using JDK 1.4 java.sql.Timestamp handling
2017-01-12 09:04:41,126 INFO  [AnnotationBinder]  - Binding entity from annotated class: com.example.shdemo.domain.Medicine
2017-01-12 09:04:41,140 INFO  [QueryBinder]  - Binding Named query: medicine.all => Select m from Medicine m
2017-01-12 09:04:41,140 INFO  [QueryBinder]  - Binding Named query: medicine.byId => Select m from Medicine m where m.id = :id
2017-01-12 09:04:41,140 INFO  [QueryBinder]  - Binding Named query: medicine.notSold => Select m from Medicine m where m.inPharmacy = false
2017-01-12 09:04:41,152 INFO  [EntityBinder]  - Bind entity com.example.shdemo.domain.Medicine on table Medicine
2017-01-12 09:04:41,212 INFO  [AnnotationBinder]  - Binding entity from annotated class: com.example.shdemo.domain.Pharmacy
2017-01-12 09:04:41,212 INFO  [QueryBinder]  - Binding Named query: pharmacy.all => Select p from Pharmacy p
2017-01-12 09:04:41,212 INFO  [QueryBinder]  - Binding Named query: pharmacy.byId => Select p from Pharmacy p where p.id = :id
2017-01-12 09:04:41,212 INFO  [QueryBinder]  - Binding Named query: pharmacy.byName => Select p from Pharmacy p where p.name = :name
2017-01-12 09:04:41,212 INFO  [EntityBinder]  - Bind entity com.example.shdemo.domain.Pharmacy on table Pharmacy
2017-01-12 09:04:41,244 INFO  [AnnotationBinder]  - Binding entity from annotated class: com.example.shdemo.domain.Ammunition
2017-01-12 09:04:41,245 INFO  [QueryBinder]  - Binding Named query: ammunition.all => Select m from Ammunition m
2017-01-12 09:04:41,245 INFO  [QueryBinder]  - Binding Named query: ammunition.byId => Select m from Ammunition m where m.id = :id
2017-01-12 09:04:41,245 INFO  [EntityBinder]  - Bind entity com.example.shdemo.domain.Ammunition on table Ammunition
2017-01-12 09:04:41,247 INFO  [AnnotationBinder]  - Binding entity from annotated class: com.example.shdemo.domain.Weapon
2017-01-12 09:04:41,247 INFO  [QueryBinder]  - Binding Named query: weapon.all => Select p from Weapon p
2017-01-12 09:04:41,247 INFO  [QueryBinder]  - Binding Named query: weapon.byId => Select p from Weapon p where p.id = :id
2017-01-12 09:04:41,247 INFO  [QueryBinder]  - Binding Named query: weapon.byName => Select p from Weapon p where p.name = :name
2017-01-12 09:04:41,248 INFO  [EntityBinder]  - Bind entity com.example.shdemo.domain.Weapon on table Weapon
2017-01-12 09:04:41,263 INFO  [Configuration]  - Hibernate Validator not found: ignoring
2017-01-12 09:04:41,266 INFO  [HibernateSearchEventListenerRegister]  - Unable to find org.hibernate.search.event.FullTextIndexEventListener on the classpath. Hibernate Search is not enabled.
2017-01-12 09:04:41,270 INFO  [ConnectionProviderFactory]  - Initializing connection provider: org.springframework.orm.hibernate3.LocalDataSourceConnectionProvider
2017-01-12 09:04:41,557 INFO  [Dialect]  - Using dialect: org.hibernate.dialect.HSQLDialect
2017-01-12 09:04:41,571 INFO  [SettingsFactory]  - Database ->
       name : HSQL Database Engine
    version : 2.2.4
      major : 2
      minor : 2
2017-01-12 09:04:41,571 INFO  [SettingsFactory]  - Driver ->
       name : HSQL Database Engine Driver
    version : 2.2.4
      major : 2
      minor : 2
2017-01-12 09:04:41,572 INFO  [TransactionFactoryFactory]  - Transaction strategy: org.springframework.orm.hibernate3.SpringTransactionFactory
2017-01-12 09:04:41,573 INFO  [TransactionManagerLookupFactory]  - No TransactionManagerLookup configured (in JTA environment, use of read-write or transactional second-level cache is not recommended)
2017-01-12 09:04:41,573 INFO  [SettingsFactory]  - Automatic flush during beforeCompletion(): disabled
2017-01-12 09:04:41,574 INFO  [SettingsFactory]  - Automatic session close at end of transaction: disabled
2017-01-12 09:04:41,574 INFO  [SettingsFactory]  - JDBC batch size: 15
2017-01-12 09:04:41,574 INFO  [SettingsFactory]  - JDBC batch updates for versioned data: disabled
2017-01-12 09:04:41,574 INFO  [SettingsFactory]  - Scrollable result sets: enabled
2017-01-12 09:04:41,574 INFO  [SettingsFactory]  - JDBC3 getGeneratedKeys(): enabled
2017-01-12 09:04:41,574 INFO  [SettingsFactory]  - Connection release mode: auto
2017-01-12 09:04:41,575 INFO  [SettingsFactory]  - Default batch fetch size: 1
2017-01-12 09:04:41,575 INFO  [SettingsFactory]  - Generate SQL with comments: disabled
2017-01-12 09:04:41,575 INFO  [SettingsFactory]  - Order SQL updates by primary key: disabled
2017-01-12 09:04:41,575 INFO  [SettingsFactory]  - Order SQL inserts for batching: disabled
2017-01-12 09:04:41,575 INFO  [SettingsFactory]  - Query translator: org.hibernate.hql.ast.ASTQueryTranslatorFactory
2017-01-12 09:04:41,576 INFO  [ASTQueryTranslatorFactory]  - Using ASTQueryTranslatorFactory
2017-01-12 09:04:41,576 INFO  [SettingsFactory]  - Query language substitutions: {}
2017-01-12 09:04:41,578 INFO  [SettingsFactory]  - JPA-QL strict compliance: disabled
2017-01-12 09:04:41,578 INFO  [SettingsFactory]  - Second-level cache: enabled
2017-01-12 09:04:41,578 INFO  [SettingsFactory]  - Query cache: disabled
2017-01-12 09:04:41,578 INFO  [SettingsFactory]  - Cache region factory : org.hibernate.cache.impl.NoCachingRegionFactory
2017-01-12 09:04:41,579 INFO  [SettingsFactory]  - Optimize cache for minimal puts: disabled
2017-01-12 09:04:41,579 INFO  [SettingsFactory]  - Structured second-level cache entries: disabled
2017-01-12 09:04:41,581 INFO  [SettingsFactory]  - Echoing all SQL to stdout
2017-01-12 09:04:41,581 INFO  [SettingsFactory]  - Statistics: disabled
2017-01-12 09:04:41,581 INFO  [SettingsFactory]  - Deleted entity synthetic identifier rollback: disabled
2017-01-12 09:04:41,581 INFO  [SettingsFactory]  - Default entity-mode: pojo
2017-01-12 09:04:41,581 INFO  [SettingsFactory]  - Named query checking : enabled
2017-01-12 09:04:41,581 INFO  [SettingsFactory]  - Check Nullability in Core (should be disabled when Bean Validation is on): enabled
2017-01-12 09:04:41,595 INFO  [SessionFactoryImpl]  - building session factory
2017-01-12 09:04:41,599 INFO  [BasicTypeRegistry]  - Type registration [blob] overrides previous : org.hibernate.type.BlobType@a82c5f1
2017-01-12 09:04:41,599 INFO  [BasicTypeRegistry]  - Type registration [java.sql.Blob] overrides previous : org.hibernate.type.BlobType@a82c5f1
2017-01-12 09:04:41,599 INFO  [BasicTypeRegistry]  - Type registration [materialized_blob] overrides previous : org.hibernate.type.MaterializedBlobType@7b7fdc8
2017-01-12 09:04:41,599 INFO  [BasicTypeRegistry]  - Type registration [clob] overrides previous : org.hibernate.type.ClobType@51c693d
2017-01-12 09:04:41,599 INFO  [BasicTypeRegistry]  - Type registration [java.sql.Clob] overrides previous : org.hibernate.type.ClobType@51c693d
2017-01-12 09:04:41,599 INFO  [BasicTypeRegistry]  - Type registration [wrapper_characters_clob] overrides previous : org.hibernate.type.CharacterArrayClobType@6a57ae10
2017-01-12 09:04:41,600 INFO  [BasicTypeRegistry]  - Type registration [materialized_clob] overrides previous : org.hibernate.type.MaterializedClobType@766653e6
2017-01-12 09:04:41,600 INFO  [BasicTypeRegistry]  - Type registration [characters_clob] overrides previous : org.hibernate.type.PrimitiveCharacterArrayClobType@4e07b95f
2017-01-12 09:04:41,600 INFO  [BasicTypeRegistry]  - Type registration [wrapper_materialized_blob] overrides previous : org.hibernate.type.WrappedMaterializedBlobType@28b46423
2017-01-12 09:04:41,738 INFO  [SessionFactoryObjectFactory]  - Not binding factory to JNDI, no JNDI name configured
2017-01-12 09:04:41,976 INFO  [Dialect]  - Using dialect: org.hibernate.dialect.HSQLDialect
2017-01-12 09:04:42,002 INFO  [TableMetadata]  - table found: PUBLIC.PUBLIC.AMMUNITION
2017-01-12 09:04:42,003 INFO  [TableMetadata]  - columns: [cost, caliber, inweapon, name, id]
2017-01-12 09:04:42,003 INFO  [TableMetadata]  - foreign keys: []
2017-01-12 09:04:42,003 INFO  [TableMetadata]  - indexes: [sys_idx_sys_pk_10042_10043]
2017-01-12 09:04:42,011 INFO  [TableMetadata]  - table found: PUBLIC.PUBLIC.MEDICINE
2017-01-12 09:04:42,011 INFO  [TableMetadata]  - columns: [toxicity, cost, name, inpharmacy, id]
2017-01-12 09:04:42,011 INFO  [TableMetadata]  - foreign keys: []
2017-01-12 09:04:42,011 INFO  [TableMetadata]  - indexes: [sys_idx_sys_pk_10047_10048]
2017-01-12 09:04:42,020 INFO  [TableMetadata]  - table found: PUBLIC.PUBLIC.PHARMACY
2017-01-12 09:04:42,020 INFO  [TableMetadata]  - columns: [name, id]
2017-01-12 09:04:42,020 INFO  [TableMetadata]  - foreign keys: []
2017-01-12 09:04:42,023 INFO  [TableMetadata]  - indexes: [sys_idx_sys_pk_10050_10051]
2017-01-12 09:04:42,040 INFO  [TableMetadata]  - table found: PUBLIC.PUBLIC.PHARMACY_MEDICINE
2017-01-12 09:04:42,041 INFO  [TableMetadata]  - columns: [pharmacy_id, medicines_id]
2017-01-12 09:04:42,041 INFO  [TableMetadata]  - foreign keys: [fkd00f8046cd82a8c0, fkd00f8046c0f241bf]
2017-01-12 09:04:42,041 INFO  [TableMetadata]  - indexes: [sys_idx_10065, sys_idx_sys_ct_10054_10056, sys_idx_10067]
2017-01-12 09:04:42,053 INFO  [TableMetadata]  - table found: PUBLIC.PUBLIC.WEAPON
2017-01-12 09:04:42,054 INFO  [TableMetadata]  - columns: [name, id]
2017-01-12 09:04:42,054 INFO  [TableMetadata]  - foreign keys: []
2017-01-12 09:04:42,055 INFO  [TableMetadata]  - indexes: [sys_idx_sys_pk_10058_10059]
2017-01-12 09:04:42,072 INFO  [TableMetadata]  - table found: PUBLIC.PUBLIC.WEAPON_AMMUNITION
2017-01-12 09:04:42,073 INFO  [TableMetadata]  - columns: [ammunitions_id, weapon_id]
2017-01-12 09:04:42,074 INFO  [TableMetadata]  - foreign keys: [fk910ae126b46170d2, fk910ae126bcd5d25f]
2017-01-12 09:04:42,074 INFO  [TableMetadata]  - indexes: [sys_idx_sys_ct_10062_10064, sys_idx_10069, sys_idx_10071]
2017-01-12 09:04:42,546 INFO  [SessionFactoryImpl]  - closing
2017-01-12 09:06:01,809 INFO  [Version]  - Hibernate Commons Annotations 3.2.0.Final
2017-01-12 09:06:01,813 INFO  [Environment]  - Hibernate 3.6.6.Final
2017-01-12 09:06:01,814 INFO  [Environment]  - hibernate.properties not found
2017-01-12 09:06:01,817 INFO  [Environment]  - Bytecode provider name : javassist
2017-01-12 09:06:01,819 INFO  [Environment]  - using JDK 1.4 java.sql.Timestamp handling
2017-01-12 09:06:01,895 INFO  [AnnotationBinder]  - Binding entity from annotated class: com.example.shdemo.domain.Medicine
2017-01-12 09:06:01,905 INFO  [QueryBinder]  - Binding Named query: medicine.all => Select m from Medicine m
2017-01-12 09:06:01,905 INFO  [QueryBinder]  - Binding Named query: medicine.byId => Select m from Medicine m where m.id = :id
2017-01-12 09:06:01,905 INFO  [QueryBinder]  - Binding Named query: medicine.notSold => Select m from Medicine m where m.inPharmacy = false
2017-01-12 09:06:01,917 INFO  [EntityBinder]  - Bind entity com.example.shdemo.domain.Medicine on table Medicine
2017-01-12 09:06:01,954 INFO  [AnnotationBinder]  - Binding entity from annotated class: com.example.shdemo.domain.Pharmacy
2017-01-12 09:06:01,954 INFO  [QueryBinder]  - Binding Named query: pharmacy.all => Select p from Pharmacy p
2017-01-12 09:06:01,955 INFO  [QueryBinder]  - Binding Named query: pharmacy.byId => Select p from Pharmacy p where p.id = :id
2017-01-12 09:06:01,955 INFO  [QueryBinder]  - Binding Named query: pharmacy.byName => Select p from Pharmacy p where p.name = :name
2017-01-12 09:06:01,955 INFO  [EntityBinder]  - Bind entity com.example.shdemo.domain.Pharmacy on table Pharmacy
2017-01-12 09:06:01,983 INFO  [AnnotationBinder]  - Binding entity from annotated class: com.example.shdemo.domain.Ammunition
2017-01-12 09:06:01,983 INFO  [QueryBinder]  - Binding Named query: ammunition.all => Select m from Ammunition m
2017-01-12 09:06:01,984 INFO  [QueryBinder]  - Binding Named query: ammunition.byId => Select m from Ammunition m where m.id = :id
2017-01-12 09:06:01,984 INFO  [EntityBinder]  - Bind entity com.example.shdemo.domain.Ammunition on table Ammunition
2017-01-12 09:06:01,985 INFO  [AnnotationBinder]  - Binding entity from annotated class: com.example.shdemo.domain.Weapon
2017-01-12 09:06:01,985 INFO  [QueryBinder]  - Binding Named query: weapon.all => Select p from Weapon p
2017-01-12 09:06:01,985 INFO  [QueryBinder]  - Binding Named query: weapon.byId => Select p from Weapon p where p.id = :id
2017-01-12 09:06:01,986 INFO  [QueryBinder]  - Binding Named query: weapon.byName => Select p from Weapon p where p.name = :name
2017-01-12 09:06:01,986 INFO  [EntityBinder]  - Bind entity com.example.shdemo.domain.Weapon on table Weapon
2017-01-12 09:06:02,001 INFO  [Configuration]  - Hibernate Validator not found: ignoring
2017-01-12 09:06:02,004 INFO  [HibernateSearchEventListenerRegister]  - Unable to find org.hibernate.search.event.FullTextIndexEventListener on the classpath. Hibernate Search is not enabled.
2017-01-12 09:06:02,009 INFO  [ConnectionProviderFactory]  - Initializing connection provider: org.springframework.orm.hibernate3.LocalDataSourceConnectionProvider
2017-01-12 09:06:02,295 INFO  [Dialect]  - Using dialect: org.hibernate.dialect.HSQLDialect
2017-01-12 09:06:02,309 INFO  [SettingsFactory]  - Database ->
       name : HSQL Database Engine
    version : 2.2.4
      major : 2
      minor : 2
2017-01-12 09:06:02,309 INFO  [SettingsFactory]  - Driver ->
       name : HSQL Database Engine Driver
    version : 2.2.4
      major : 2
      minor : 2
2017-01-12 09:06:02,311 INFO  [TransactionFactoryFactory]  - Transaction strategy: org.springframework.orm.hibernate3.SpringTransactionFactory
2017-01-12 09:06:02,311 INFO  [TransactionManagerLookupFactory]  - No TransactionManagerLookup configured (in JTA environment, use of read-write or transactional second-level cache is not recommended)
2017-01-12 09:06:02,311 INFO  [SettingsFactory]  - Automatic flush during beforeCompletion(): disabled
2017-01-12 09:06:02,311 INFO  [SettingsFactory]  - Automatic session close at end of transaction: disabled
2017-01-12 09:06:02,312 INFO  [SettingsFactory]  - JDBC batch size: 15
2017-01-12 09:06:02,312 INFO  [SettingsFactory]  - JDBC batch updates for versioned data: disabled
2017-01-12 09:06:02,312 INFO  [SettingsFactory]  - Scrollable result sets: enabled
2017-01-12 09:06:02,312 INFO  [SettingsFactory]  - JDBC3 getGeneratedKeys(): enabled
2017-01-12 09:06:02,312 INFO  [SettingsFactory]  - Connection release mode: auto
2017-01-12 09:06:02,312 INFO  [SettingsFactory]  - Default batch fetch size: 1
2017-01-12 09:06:02,312 INFO  [SettingsFactory]  - Generate SQL with comments: disabled
2017-01-12 09:06:02,313 INFO  [SettingsFactory]  - Order SQL updates by primary key: disabled
2017-01-12 09:06:02,313 INFO  [SettingsFactory]  - Order SQL inserts for batching: disabled
2017-01-12 09:06:02,313 INFO  [SettingsFactory]  - Query translator: org.hibernate.hql.ast.ASTQueryTranslatorFactory
2017-01-12 09:06:02,314 INFO  [ASTQueryTranslatorFactory]  - Using ASTQueryTranslatorFactory
2017-01-12 09:06:02,314 INFO  [SettingsFactory]  - Query language substitutions: {}
2017-01-12 09:06:02,314 INFO  [SettingsFactory]  - JPA-QL strict compliance: disabled
2017-01-12 09:06:02,314 INFO  [SettingsFactory]  - Second-level cache: enabled
2017-01-12 09:06:02,314 INFO  [SettingsFactory]  - Query cache: disabled
2017-01-12 09:06:02,314 INFO  [SettingsFactory]  - Cache region factory : org.hibernate.cache.impl.NoCachingRegionFactory
2017-01-12 09:06:02,314 INFO  [SettingsFactory]  - Optimize cache for minimal puts: disabled
2017-01-12 09:06:02,315 INFO  [SettingsFactory]  - Structured second-level cache entries: disabled
2017-01-12 09:06:02,321 INFO  [SettingsFactory]  - Echoing all SQL to stdout
2017-01-12 09:06:02,322 INFO  [SettingsFactory]  - Statistics: disabled
2017-01-12 09:06:02,322 INFO  [SettingsFactory]  - Deleted entity synthetic identifier rollback: disabled
2017-01-12 09:06:02,322 INFO  [SettingsFactory]  - Default entity-mode: pojo
2017-01-12 09:06:02,322 INFO  [SettingsFactory]  - Named query checking : enabled
2017-01-12 09:06:02,322 INFO  [SettingsFactory]  - Check Nullability in Core (should be disabled when Bean Validation is on): enabled
2017-01-12 09:06:02,335 INFO  [SessionFactoryImpl]  - building session factory
2017-01-12 09:06:02,342 INFO  [BasicTypeRegistry]  - Type registration [blob] overrides previous : org.hibernate.type.BlobType@a82c5f1
2017-01-12 09:06:02,342 INFO  [BasicTypeRegistry]  - Type registration [java.sql.Blob] overrides previous : org.hibernate.type.BlobType@a82c5f1
2017-01-12 09:06:02,342 INFO  [BasicTypeRegistry]  - Type registration [materialized_blob] overrides previous : org.hibernate.type.MaterializedBlobType@7b7fdc8
2017-01-12 09:06:02,342 INFO  [BasicTypeRegistry]  - Type registration [clob] overrides previous : org.hibernate.type.ClobType@51c693d
2017-01-12 09:06:02,343 INFO  [BasicTypeRegistry]  - Type registration [java.sql.Clob] overrides previous : org.hibernate.type.ClobType@51c693d
2017-01-12 09:06:02,343 INFO  [BasicTypeRegistry]  - Type registration [wrapper_characters_clob] overrides previous : org.hibernate.type.CharacterArrayClobType@6a57ae10
2017-01-12 09:06:02,343 INFO  [BasicTypeRegistry]  - Type registration [materialized_clob] overrides previous : org.hibernate.type.MaterializedClobType@766653e6
2017-01-12 09:06:02,343 INFO  [BasicTypeRegistry]  - Type registration [characters_clob] overrides previous : org.hibernate.type.PrimitiveCharacterArrayClobType@4e07b95f
2017-01-12 09:06:02,343 INFO  [BasicTypeRegistry]  - Type registration [wrapper_materialized_blob] overrides previous : org.hibernate.type.WrappedMaterializedBlobType@28b46423
2017-01-12 09:06:02,496 INFO  [SessionFactoryObjectFactory]  - Not binding factory to JNDI, no JNDI name configured
2017-01-12 09:06:02,680 INFO  [Dialect]  - Using dialect: org.hibernate.dialect.HSQLDialect
2017-01-12 09:06:02,691 INFO  [DatabaseMetadata]  - table not found: Ammunition
2017-01-12 09:06:02,700 INFO  [DatabaseMetadata]  - table not found: Medicine
2017-01-12 09:06:02,710 INFO  [DatabaseMetadata]  - table not found: Pharmacy
2017-01-12 09:06:02,716 INFO  [DatabaseMetadata]  - table not found: Pharmacy_Medicine
2017-01-12 09:06:02,718 INFO  [DatabaseMetadata]  - table not found: Weapon
2017-01-12 09:06:02,720 INFO  [DatabaseMetadata]  - table not found: Weapon_Ammunition
2017-01-12 09:06:02,722 INFO  [DatabaseMetadata]  - table not found: Ammunition
2017-01-12 09:06:02,744 INFO  [DatabaseMetadata]  - table not found: Medicine
2017-01-12 09:06:02,747 INFO  [DatabaseMetadata]  - table not found: Pharmacy
2017-01-12 09:06:02,750 INFO  [DatabaseMetadata]  - table not found: Pharmacy_Medicine
2017-01-12 09:06:02,753 INFO  [DatabaseMetadata]  - table not found: Weapon
2017-01-12 09:06:02,758 INFO  [DatabaseMetadata]  - table not found: Weapon_Ammunition
2017-01-12 09:06:03,276 INFO  [SessionFactoryImpl]  - closing
2017-01-12 09:06:14,350 INFO  [Version]  - Hibernate Commons Annotations 3.2.0.Final
2017-01-12 09:06:14,355 INFO  [Environment]  - Hibernate 3.6.6.Final
2017-01-12 09:06:14,360 INFO  [Environment]  - hibernate.properties not found
2017-01-12 09:06:14,362 INFO  [Environment]  - Bytecode provider name : javassist
2017-01-12 09:06:14,364 INFO  [Environment]  - using JDK 1.4 java.sql.Timestamp handling
2017-01-12 09:06:14,431 INFO  [AnnotationBinder]  - Binding entity from annotated class: com.example.shdemo.domain.Medicine
2017-01-12 09:06:14,442 INFO  [QueryBinder]  - Binding Named query: medicine.all => Select m from Medicine m
2017-01-12 09:06:14,443 INFO  [QueryBinder]  - Binding Named query: medicine.byId => Select m from Medicine m where m.id = :id
2017-01-12 09:06:14,443 INFO  [QueryBinder]  - Binding Named query: medicine.notSold => Select m from Medicine m where m.inPharmacy = false
2017-01-12 09:06:14,456 INFO  [EntityBinder]  - Bind entity com.example.shdemo.domain.Medicine on table Medicine
2017-01-12 09:06:14,491 INFO  [AnnotationBinder]  - Binding entity from annotated class: com.example.shdemo.domain.Pharmacy
2017-01-12 09:06:14,492 INFO  [QueryBinder]  - Binding Named query: pharmacy.all => Select p from Pharmacy p
2017-01-12 09:06:14,492 INFO  [QueryBinder]  - Binding Named query: pharmacy.byId => Select p from Pharmacy p where p.id = :id
2017-01-12 09:06:14,492 INFO  [QueryBinder]  - Binding Named query: pharmacy.byName => Select p from Pharmacy p where p.name = :name
2017-01-12 09:06:14,492 INFO  [EntityBinder]  - Bind entity com.example.shdemo.domain.Pharmacy on table Pharmacy
2017-01-12 09:06:14,526 INFO  [AnnotationBinder]  - Binding entity from annotated class: com.example.shdemo.domain.Ammunition
2017-01-12 09:06:14,527 INFO  [QueryBinder]  - Binding Named query: ammunition.all => Select m from Ammunition m
2017-01-12 09:06:14,527 INFO  [QueryBinder]  - Binding Named query: ammunition.byId => Select m from Ammunition m where m.id = :id
2017-01-12 09:06:14,528 INFO  [EntityBinder]  - Bind entity com.example.shdemo.domain.Ammunition on table Ammunition
2017-01-12 09:06:14,531 INFO  [AnnotationBinder]  - Binding entity from annotated class: com.example.shdemo.domain.Weapon
2017-01-12 09:06:14,531 INFO  [QueryBinder]  - Binding Named query: weapon.all => Select p from Weapon p
2017-01-12 09:06:14,531 INFO  [QueryBinder]  - Binding Named query: weapon.byId => Select p from Weapon p where p.id = :id
2017-01-12 09:06:14,538 INFO  [QueryBinder]  - Binding Named query: weapon.byName => Select p from Weapon p where p.name = :name
2017-01-12 09:06:14,538 INFO  [EntityBinder]  - Bind entity com.example.shdemo.domain.Weapon on table Weapon
2017-01-12 09:06:14,567 INFO  [Configuration]  - Hibernate Validator not found: ignoring
2017-01-12 09:06:14,570 INFO  [HibernateSearchEventListenerRegister]  - Unable to find org.hibernate.search.event.FullTextIndexEventListener on the classpath. Hibernate Search is not enabled.
2017-01-12 09:06:14,574 INFO  [ConnectionProviderFactory]  - Initializing connection provider: org.springframework.orm.hibernate3.LocalDataSourceConnectionProvider
2017-01-12 09:06:14,857 INFO  [Dialect]  - Using dialect: org.hibernate.dialect.HSQLDialect
2017-01-12 09:06:14,874 INFO  [SettingsFactory]  - Database ->
       name : HSQL Database Engine
    version : 2.2.4
      major : 2
      minor : 2
2017-01-12 09:06:14,875 INFO  [SettingsFactory]  - Driver ->
       name : HSQL Database Engine Driver
    version : 2.2.4
      major : 2
      minor : 2
2017-01-12 09:06:14,881 INFO  [TransactionFactoryFactory]  - Transaction strategy: org.springframework.orm.hibernate3.SpringTransactionFactory
2017-01-12 09:06:14,887 INFO  [TransactionManagerLookupFactory]  - No TransactionManagerLookup configured (in JTA environment, use of read-write or transactional second-level cache is not recommended)
2017-01-12 09:06:14,887 INFO  [SettingsFactory]  - Automatic flush during beforeCompletion(): disabled
2017-01-12 09:06:14,887 INFO  [SettingsFactory]  - Automatic session close at end of transaction: disabled
2017-01-12 09:06:14,888 INFO  [SettingsFactory]  - JDBC batch size: 15
2017-01-12 09:06:14,888 INFO  [SettingsFactory]  - JDBC batch updates for versioned data: disabled
2017-01-12 09:06:14,888 INFO  [SettingsFactory]  - Scrollable result sets: enabled
2017-01-12 09:06:14,889 INFO  [SettingsFactory]  - JDBC3 getGeneratedKeys(): enabled
2017-01-12 09:06:14,889 INFO  [SettingsFactory]  - Connection release mode: auto
2017-01-12 09:06:14,889 INFO  [SettingsFactory]  - Default batch fetch size: 1
2017-01-12 09:06:14,890 INFO  [SettingsFactory]  - Generate SQL with comments: disabled
2017-01-12 09:06:14,890 INFO  [SettingsFactory]  - Order SQL updates by primary key: disabled
2017-01-12 09:06:14,890 INFO  [SettingsFactory]  - Order SQL inserts for batching: disabled
2017-01-12 09:06:14,890 INFO  [SettingsFactory]  - Query translator: org.hibernate.hql.ast.ASTQueryTranslatorFactory
2017-01-12 09:06:14,891 INFO  [ASTQueryTranslatorFactory]  - Using ASTQueryTranslatorFactory
2017-01-12 09:06:14,891 INFO  [SettingsFactory]  - Query language substitutions: {}
2017-01-12 09:06:14,891 INFO  [SettingsFactory]  - JPA-QL strict compliance: disabled
2017-01-12 09:06:14,891 INFO  [SettingsFactory]  - Second-level cache: enabled
2017-01-12 09:06:14,891 INFO  [SettingsFactory]  - Query cache: disabled
2017-01-12 09:06:14,891 INFO  [SettingsFactory]  - Cache region factory : org.hibernate.cache.impl.NoCachingRegionFactory
2017-01-12 09:06:14,892 INFO  [SettingsFactory]  - Optimize cache for minimal puts: disabled
2017-01-12 09:06:14,892 INFO  [SettingsFactory]  - Structured second-level cache entries: disabled
2017-01-12 09:06:14,894 INFO  [SettingsFactory]  - Echoing all SQL to stdout
2017-01-12 09:06:14,898 INFO  [SettingsFactory]  - Statistics: disabled
2017-01-12 09:06:14,898 INFO  [SettingsFactory]  - Deleted entity synthetic identifier rollback: disabled
2017-01-12 09:06:14,898 INFO  [SettingsFactory]  - Default entity-mode: pojo
2017-01-12 09:06:14,899 INFO  [SettingsFactory]  - Named query checking : enabled
2017-01-12 09:06:14,899 INFO  [SettingsFactory]  - Check Nullability in Core (should be disabled when Bean Validation is on): enabled
2017-01-12 09:06:14,928 INFO  [SessionFactoryImpl]  - building session factory
2017-01-12 09:06:14,932 INFO  [BasicTypeRegistry]  - Type registration [blob] overrides previous : org.hibernate.type.BlobType@a82c5f1
2017-01-12 09:06:14,932 INFO  [BasicTypeRegistry]  - Type registration [java.sql.Blob] overrides previous : org.hibernate.type.BlobType@a82c5f1
2017-01-12 09:06:14,932 INFO  [BasicTypeRegistry]  - Type registration [materialized_blob] overrides previous : org.hibernate.type.MaterializedBlobType@7b7fdc8
2017-01-12 09:06:14,932 INFO  [BasicTypeRegistry]  - Type registration [clob] overrides previous : org.hibernate.type.ClobType@51c693d
2017-01-12 09:06:14,933 INFO  [BasicTypeRegistry]  - Type registration [java.sql.Clob] overrides previous : org.hibernate.type.ClobType@51c693d
2017-01-12 09:06:14,933 INFO  [BasicTypeRegistry]  - Type registration [wrapper_characters_clob] overrides previous : org.hibernate.type.CharacterArrayClobType@6a57ae10
2017-01-12 09:06:14,933 INFO  [BasicTypeRegistry]  - Type registration [materialized_clob] overrides previous : org.hibernate.type.MaterializedClobType@766653e6
2017-01-12 09:06:14,933 INFO  [BasicTypeRegistry]  - Type registration [characters_clob] overrides previous : org.hibernate.type.PrimitiveCharacterArrayClobType@4e07b95f
2017-01-12 09:06:14,933 INFO  [BasicTypeRegistry]  - Type registration [wrapper_materialized_blob] overrides previous : org.hibernate.type.WrappedMaterializedBlobType@28b46423
2017-01-12 09:06:15,086 INFO  [SessionFactoryObjectFactory]  - Not binding factory to JNDI, no JNDI name configured
2017-01-12 09:06:15,282 INFO  [Dialect]  - Using dialect: org.hibernate.dialect.HSQLDialect
2017-01-12 09:06:15,319 INFO  [TableMetadata]  - table found: PUBLIC.PUBLIC.AMMUNITION
2017-01-12 09:06:15,319 INFO  [TableMetadata]  - columns: [cost, caliber, inweapon, name, id]
2017-01-12 09:06:15,319 INFO  [TableMetadata]  - foreign keys: []
2017-01-12 09:06:15,319 INFO  [TableMetadata]  - indexes: [sys_idx_sys_pk_10043_10044]
2017-01-12 09:06:15,337 INFO  [TableMetadata]  - table found: PUBLIC.PUBLIC.MEDICINE
2017-01-12 09:06:15,337 INFO  [TableMetadata]  - columns: [toxicity, cost, name, inpharmacy, id]
2017-01-12 09:06:15,337 INFO  [TableMetadata]  - foreign keys: []
2017-01-12 09:06:15,337 INFO  [TableMetadata]  - indexes: [sys_idx_sys_pk_10048_10049]
2017-01-12 09:06:15,352 INFO  [TableMetadata]  - table found: PUBLIC.PUBLIC.PHARMACY
2017-01-12 09:06:15,352 INFO  [TableMetadata]  - columns: [name, id]
2017-01-12 09:06:15,352 INFO  [TableMetadata]  - foreign keys: []
2017-01-12 09:06:15,352 INFO  [TableMetadata]  - indexes: [sys_idx_sys_pk_10051_10052]
2017-01-12 09:06:15,380 INFO  [TableMetadata]  - table found: PUBLIC.PUBLIC.PHARMACY_MEDICINE
2017-01-12 09:06:15,380 INFO  [TableMetadata]  - columns: [pharmacy_id, medicines_id]
2017-01-12 09:06:15,380 INFO  [TableMetadata]  - foreign keys: [fkd00f8046cd82a8c0, fkd00f8046c0f241bf]
2017-01-12 09:06:15,380 INFO  [TableMetadata]  - indexes: [sys_idx_10066, sys_idx_10068, sys_idx_sys_ct_10055_10057]
2017-01-12 09:06:15,398 INFO  [TableMetadata]  - table found: PUBLIC.PUBLIC.WEAPON
2017-01-12 09:06:15,398 INFO  [TableMetadata]  - columns: [name, id]
2017-01-12 09:06:15,398 INFO  [TableMetadata]  - foreign keys: []
2017-01-12 09:06:15,398 INFO  [TableMetadata]  - indexes: [sys_idx_sys_pk_10059_10060]
2017-01-12 09:06:15,442 INFO  [TableMetadata]  - table found: PUBLIC.PUBLIC.WEAPON_AMMUNITION
2017-01-12 09:06:15,442 INFO  [TableMetadata]  - columns: [ammunitions_id, weapon_id]
2017-01-12 09:06:15,442 INFO  [TableMetadata]  - foreign keys: [fk910ae126b46170d2, fk910ae126bcd5d25f]
2017-01-12 09:06:15,442 INFO  [TableMetadata]  - indexes: [sys_idx_10072, sys_idx_10070, sys_idx_sys_ct_10063_10065]
2017-01-12 09:06:15,868 INFO  [SessionFactoryImpl]  - closing
2017-01-12 09:08:35,218 INFO  [Version]  - Hibernate Commons Annotations 3.2.0.Final
2017-01-12 09:08:35,223 INFO  [Environment]  - Hibernate 3.6.6.Final
2017-01-12 09:08:35,224 INFO  [Environment]  - hibernate.properties not found
2017-01-12 09:08:35,227 INFO  [Environment]  - Bytecode provider name : javassist
2017-01-12 09:08:35,229 INFO  [Environment]  - using JDK 1.4 java.sql.Timestamp handling
2017-01-12 09:08:35,299 INFO  [AnnotationBinder]  - Binding entity from annotated class: com.example.shdemo.domain.Medicine
2017-01-12 09:08:35,312 INFO  [QueryBinder]  - Binding Named query: medicine.all => Select m from Medicine m
2017-01-12 09:08:35,312 INFO  [QueryBinder]  - Binding Named query: medicine.byId => Select m from Medicine m where m.id = :id
2017-01-12 09:08:35,313 INFO  [QueryBinder]  - Binding Named query: medicine.notSold => Select m from Medicine m where m.inPharmacy = false
2017-01-12 09:08:35,325 INFO  [EntityBinder]  - Bind entity com.example.shdemo.domain.Medicine on table Medicine
2017-01-12 09:08:35,362 INFO  [AnnotationBinder]  - Binding entity from annotated class: com.example.shdemo.domain.Pharmacy
2017-01-12 09:08:35,362 INFO  [QueryBinder]  - Binding Named query: pharmacy.all => Select p from Pharmacy p
2017-01-12 09:08:35,362 INFO  [QueryBinder]  - Binding Named query: pharmacy.byId => Select p from Pharmacy p where p.id = :id
2017-01-12 09:08:35,363 INFO  [QueryBinder]  - Binding Named query: pharmacy.byName => Select p from Pharmacy p where p.name = :name
2017-01-12 09:08:35,363 INFO  [EntityBinder]  - Bind entity com.example.shdemo.domain.Pharmacy on table Pharmacy
2017-01-12 09:08:35,382 INFO  [AnnotationBinder]  - Binding entity from annotated class: com.example.shdemo.domain.Ammunition
2017-01-12 09:08:35,382 INFO  [QueryBinder]  - Binding Named query: ammunition.all => Select m from Ammunition m
2017-01-12 09:08:35,383 INFO  [QueryBinder]  - Binding Named query: ammunition.byId => Select m from Ammunition m where m.id = :id
2017-01-12 09:08:35,383 INFO  [EntityBinder]  - Bind entity com.example.shdemo.domain.Ammunition on table Ammunition
2017-01-12 09:08:35,385 INFO  [AnnotationBinder]  - Binding entity from annotated class: com.example.shdemo.domain.Weapon
2017-01-12 09:08:35,385 INFO  [QueryBinder]  - Binding Named query: weapon.all => Select p from Weapon p
2017-01-12 09:08:35,386 INFO  [QueryBinder]  - Binding Named query: weapon.byId => Select p from Weapon p where p.id = :id
2017-01-12 09:08:35,386 INFO  [QueryBinder]  - Binding Named query: weapon.byName => Select p from Weapon p where p.name = :name
2017-01-12 09:08:35,386 INFO  [EntityBinder]  - Bind entity com.example.shdemo.domain.Weapon on table Weapon
2017-01-12 09:08:35,399 INFO  [Configuration]  - Hibernate Validator not found: ignoring
2017-01-12 09:08:35,403 INFO  [HibernateSearchEventListenerRegister]  - Unable to find org.hibernate.search.event.FullTextIndexEventListener on the classpath. Hibernate Search is not enabled.
2017-01-12 09:08:35,407 INFO  [ConnectionProviderFactory]  - Initializing connection provider: org.springframework.orm.hibernate3.LocalDataSourceConnectionProvider
2017-01-12 09:08:35,704 INFO  [Dialect]  - Using dialect: org.hibernate.dialect.HSQLDialect
2017-01-12 09:08:35,720 INFO  [SettingsFactory]  - Database ->
       name : HSQL Database Engine
    version : 2.2.4
      major : 2
      minor : 2
2017-01-12 09:08:35,720 INFO  [SettingsFactory]  - Driver ->
       name : HSQL Database Engine Driver
    version : 2.2.4
      major : 2
      minor : 2
2017-01-12 09:08:35,722 INFO  [TransactionFactoryFactory]  - Transaction strategy: org.springframework.orm.hibernate3.SpringTransactionFactory
2017-01-12 09:08:35,723 INFO  [TransactionManagerLookupFactory]  - No TransactionManagerLookup configured (in JTA environment, use of read-write or transactional second-level cache is not recommended)
2017-01-12 09:08:35,723 INFO  [SettingsFactory]  - Automatic flush during beforeCompletion(): disabled
2017-01-12 09:08:35,724 INFO  [SettingsFactory]  - Automatic session close at end of transaction: disabled
2017-01-12 09:08:35,724 INFO  [SettingsFactory]  - JDBC batch size: 15
2017-01-12 09:08:35,724 INFO  [SettingsFactory]  - JDBC batch updates for versioned data: disabled
2017-01-12 09:08:35,724 INFO  [SettingsFactory]  - Scrollable result sets: enabled
2017-01-12 09:08:35,725 INFO  [SettingsFactory]  - JDBC3 getGeneratedKeys(): enabled
2017-01-12 09:08:35,725 INFO  [SettingsFactory]  - Connection release mode: auto
2017-01-12 09:08:35,725 INFO  [SettingsFactory]  - Default batch fetch size: 1
2017-01-12 09:08:35,726 INFO  [SettingsFactory]  - Generate SQL with comments: disabled
2017-01-12 09:08:35,726 INFO  [SettingsFactory]  - Order SQL updates by primary key: disabled
2017-01-12 09:08:35,726 INFO  [SettingsFactory]  - Order SQL inserts for batching: disabled
2017-01-12 09:08:35,726 INFO  [SettingsFactory]  - Query translator: org.hibernate.hql.ast.ASTQueryTranslatorFactory
2017-01-12 09:08:35,727 INFO  [ASTQueryTranslatorFactory]  - Using ASTQueryTranslatorFactory
2017-01-12 09:08:35,728 INFO  [SettingsFactory]  - Query language substitutions: {}
2017-01-12 09:08:35,729 INFO  [SettingsFactory]  - JPA-QL strict compliance: disabled
2017-01-12 09:08:35,729 INFO  [SettingsFactory]  - Second-level cache: enabled
2017-01-12 09:08:35,729 INFO  [SettingsFactory]  - Query cache: disabled
2017-01-12 09:08:35,729 INFO  [SettingsFactory]  - Cache region factory : org.hibernate.cache.impl.NoCachingRegionFactory
2017-01-12 09:08:35,730 INFO  [SettingsFactory]  - Optimize cache for minimal puts: disabled
2017-01-12 09:08:35,730 INFO  [SettingsFactory]  - Structured second-level cache entries: disabled
2017-01-12 09:08:35,733 INFO  [SettingsFactory]  - Echoing all SQL to stdout
2017-01-12 09:08:35,734 INFO  [SettingsFactory]  - Statistics: disabled
2017-01-12 09:08:35,735 INFO  [SettingsFactory]  - Deleted entity synthetic identifier rollback: disabled
2017-01-12 09:08:35,735 INFO  [SettingsFactory]  - Default entity-mode: pojo
2017-01-12 09:08:35,735 INFO  [SettingsFactory]  - Named query checking : enabled
2017-01-12 09:08:35,735 INFO  [SettingsFactory]  - Check Nullability in Core (should be disabled when Bean Validation is on): enabled
2017-01-12 09:08:35,745 INFO  [SessionFactoryImpl]  - building session factory
2017-01-12 09:08:35,749 INFO  [BasicTypeRegistry]  - Type registration [blob] overrides previous : org.hibernate.type.BlobType@a82c5f1
2017-01-12 09:08:35,749 INFO  [BasicTypeRegistry]  - Type registration [java.sql.Blob] overrides previous : org.hibernate.type.BlobType@a82c5f1
2017-01-12 09:08:35,750 INFO  [BasicTypeRegistry]  - Type registration [materialized_blob] overrides previous : org.hibernate.type.MaterializedBlobType@7b7fdc8
2017-01-12 09:08:35,750 INFO  [BasicTypeRegistry]  - Type registration [clob] overrides previous : org.hibernate.type.ClobType@51c693d
2017-01-12 09:08:35,750 INFO  [BasicTypeRegistry]  - Type registration [java.sql.Clob] overrides previous : org.hibernate.type.ClobType@51c693d
2017-01-12 09:08:35,750 INFO  [BasicTypeRegistry]  - Type registration [wrapper_characters_clob] overrides previous : org.hibernate.type.CharacterArrayClobType@6a57ae10
2017-01-12 09:08:35,750 INFO  [BasicTypeRegistry]  - Type registration [materialized_clob] overrides previous : org.hibernate.type.MaterializedClobType@766653e6
2017-01-12 09:08:35,751 INFO  [BasicTypeRegistry]  - Type registration [characters_clob] overrides previous : org.hibernate.type.PrimitiveCharacterArrayClobType@4e07b95f
2017-01-12 09:08:35,751 INFO  [BasicTypeRegistry]  - Type registration [wrapper_materialized_blob] overrides previous : org.hibernate.type.WrappedMaterializedBlobType@28b46423
2017-01-12 09:08:35,886 INFO  [SessionFactoryObjectFactory]  - Not binding factory to JNDI, no JNDI name configured
2017-01-12 09:08:36,053 INFO  [Dialect]  - Using dialect: org.hibernate.dialect.HSQLDialect
2017-01-12 09:08:36,064 INFO  [DatabaseMetadata]  - table not found: Ammunition
2017-01-12 09:08:36,068 INFO  [DatabaseMetadata]  - table not found: Medicine
2017-01-12 09:08:36,071 INFO  [DatabaseMetadata]  - table not found: Pharmacy
2017-01-12 09:08:36,075 INFO  [DatabaseMetadata]  - table not found: Pharmacy_Medicine
2017-01-12 09:08:36,084 INFO  [DatabaseMetadata]  - table not found: Weapon
2017-01-12 09:08:36,086 INFO  [DatabaseMetadata]  - table not found: Weapon_Ammunition
2017-01-12 09:08:36,089 INFO  [DatabaseMetadata]  - table not found: Ammunition
2017-01-12 09:08:36,113 INFO  [DatabaseMetadata]  - table not found: Medicine
2017-01-12 09:08:36,115 INFO  [DatabaseMetadata]  - table not found: Pharmacy
2017-01-12 09:08:36,121 INFO  [DatabaseMetadata]  - table not found: Pharmacy_Medicine
2017-01-12 09:08:36,123 INFO  [DatabaseMetadata]  - table not found: Weapon
2017-01-12 09:08:36,125 INFO  [DatabaseMetadata]  - table not found: Weapon_Ammunition
2017-01-12 09:08:36,579 INFO  [SessionFactoryImpl]  - closing
2017-01-12 09:26:03,197 INFO  [Version]  - Hibernate Commons Annotations 3.2.0.Final
2017-01-12 09:26:03,233 INFO  [Environment]  - Hibernate 3.6.6.Final
2017-01-12 09:26:03,237 INFO  [Environment]  - hibernate.properties not found
2017-01-12 09:26:03,245 INFO  [Environment]  - Bytecode provider name : javassist
2017-01-12 09:26:03,253 INFO  [Environment]  - using JDK 1.4 java.sql.Timestamp handling
2017-01-12 09:26:03,564 INFO  [AnnotationBinder]  - Binding entity from annotated class: com.example.shdemo.domain.Ammunition
2017-01-12 09:26:03,619 INFO  [QueryBinder]  - Binding Named query: ammunition.all => Select m from Ammunition m
2017-01-12 09:26:03,621 INFO  [QueryBinder]  - Binding Named query: ammunition.byId => Select m from Ammunition m where m.id = :id
2017-01-12 09:26:03,708 INFO  [EntityBinder]  - Bind entity com.example.shdemo.domain.Ammunition on table Ammunition
2017-01-12 09:26:03,967 INFO  [AnnotationBinder]  - Binding entity from annotated class: com.example.shdemo.domain.Weapon
2017-01-12 09:26:03,969 INFO  [QueryBinder]  - Binding Named query: weapon.all => Select p from Weapon p
2017-01-12 09:26:03,970 INFO  [QueryBinder]  - Binding Named query: weapon.byId => Select p from Weapon p where p.id = :id
2017-01-12 09:26:03,971 INFO  [QueryBinder]  - Binding Named query: weapon.byName => Select p from Weapon p where p.name = :name
2017-01-12 09:26:03,973 INFO  [EntityBinder]  - Bind entity com.example.shdemo.domain.Weapon on table Weapon
2017-01-12 09:26:04,116 INFO  [Configuration]  - Hibernate Validator not found: ignoring
2017-01-12 09:26:04,128 INFO  [HibernateSearchEventListenerRegister]  - Unable to find org.hibernate.search.event.FullTextIndexEventListener on the classpath. Hibernate Search is not enabled.
2017-01-12 09:26:04,142 INFO  [ConnectionProviderFactory]  - Initializing connection provider: org.springframework.orm.hibernate3.LocalDataSourceConnectionProvider
2017-01-12 09:26:04,694 INFO  [Dialect]  - Using dialect: org.hibernate.dialect.HSQLDialect
2017-01-12 09:26:04,785 INFO  [SettingsFactory]  - Database ->
       name : HSQL Database Engine
    version : 2.2.4
      major : 2
      minor : 2
2017-01-12 09:26:04,785 INFO  [SettingsFactory]  - Driver ->
       name : HSQL Database Engine Driver
    version : 2.2.4
      major : 2
      minor : 2
2017-01-12 09:26:04,789 INFO  [TransactionFactoryFactory]  - Transaction strategy: org.springframework.orm.hibernate3.SpringTransactionFactory
2017-01-12 09:26:04,791 INFO  [TransactionManagerLookupFactory]  - No TransactionManagerLookup configured (in JTA environment, use of read-write or transactional second-level cache is not recommended)
2017-01-12 09:26:04,792 INFO  [SettingsFactory]  - Automatic flush during beforeCompletion(): disabled
2017-01-12 09:26:04,792 INFO  [SettingsFactory]  - Automatic session close at end of transaction: disabled
2017-01-12 09:26:04,793 INFO  [SettingsFactory]  - JDBC batch size: 15
2017-01-12 09:26:04,793 INFO  [SettingsFactory]  - JDBC batch updates for versioned data: disabled
2017-01-12 09:26:04,794 INFO  [SettingsFactory]  - Scrollable result sets: enabled
2017-01-12 09:26:04,795 INFO  [SettingsFactory]  - JDBC3 getGeneratedKeys(): enabled
2017-01-12 09:26:04,795 INFO  [SettingsFactory]  - Connection release mode: auto
2017-01-12 09:26:04,797 INFO  [SettingsFactory]  - Default batch fetch size: 1
2017-01-12 09:26:04,797 INFO  [SettingsFactory]  - Generate SQL with comments: disabled
2017-01-12 09:26:04,798 INFO  [SettingsFactory]  - Order SQL updates by primary key: disabled
2017-01-12 09:26:04,798 INFO  [SettingsFactory]  - Order SQL inserts for batching: disabled
2017-01-12 09:26:04,798 INFO  [SettingsFactory]  - Query translator: org.hibernate.hql.ast.ASTQueryTranslatorFactory
2017-01-12 09:26:04,802 INFO  [ASTQueryTranslatorFactory]  - Using ASTQueryTranslatorFactory
2017-01-12 09:26:04,813 INFO  [SettingsFactory]  - Query language substitutions: {}
2017-01-12 09:26:04,813 INFO  [SettingsFactory]  - JPA-QL strict compliance: disabled
2017-01-12 09:26:04,814 INFO  [SettingsFactory]  - Second-level cache: enabled
2017-01-12 09:26:04,814 INFO  [SettingsFactory]  - Query cache: disabled
2017-01-12 09:26:04,814 INFO  [SettingsFactory]  - Cache region factory : org.hibernate.cache.impl.NoCachingRegionFactory
2017-01-12 09:26:04,817 INFO  [SettingsFactory]  - Optimize cache for minimal puts: disabled
2017-01-12 09:26:04,817 INFO  [SettingsFactory]  - Structured second-level cache entries: disabled
2017-01-12 09:26:04,825 INFO  [SettingsFactory]  - Echoing all SQL to stdout
2017-01-12 09:26:04,827 INFO  [SettingsFactory]  - Statistics: disabled
2017-01-12 09:26:04,827 INFO  [SettingsFactory]  - Deleted entity synthetic identifier rollback: disabled
2017-01-12 09:26:04,827 INFO  [SettingsFactory]  - Default entity-mode: pojo
2017-01-12 09:26:04,828 INFO  [SettingsFactory]  - Named query checking : enabled
2017-01-12 09:26:04,828 INFO  [SettingsFactory]  - Check Nullability in Core (should be disabled when Bean Validation is on): enabled
2017-01-12 09:26:04,874 INFO  [SessionFactoryImpl]  - building session factory
2017-01-12 09:26:04,918 INFO  [BasicTypeRegistry]  - Type registration [wrapper_materialized_blob] overrides previous : org.hibernate.type.WrappedMaterializedBlobType@62833051
2017-01-12 09:26:04,918 INFO  [BasicTypeRegistry]  - Type registration [materialized_clob] overrides previous : org.hibernate.type.MaterializedClobType@1c852c0f
2017-01-12 09:26:04,919 INFO  [BasicTypeRegistry]  - Type registration [clob] overrides previous : org.hibernate.type.ClobType@a37aefe
2017-01-12 09:26:04,919 INFO  [BasicTypeRegistry]  - Type registration [java.sql.Clob] overrides previous : org.hibernate.type.ClobType@a37aefe
2017-01-12 09:26:04,919 INFO  [BasicTypeRegistry]  - Type registration [materialized_blob] overrides previous : org.hibernate.type.MaterializedBlobType@5d99c6b5
2017-01-12 09:26:04,919 INFO  [BasicTypeRegistry]  - Type registration [wrapper_characters_clob] overrides previous : org.hibernate.type.CharacterArrayClobType@266374ef
2017-01-12 09:26:04,920 INFO  [BasicTypeRegistry]  - Type registration [characters_clob] overrides previous : org.hibernate.type.PrimitiveCharacterArrayClobType@13b3d178
2017-01-12 09:26:04,920 INFO  [BasicTypeRegistry]  - Type registration [blob] overrides previous : org.hibernate.type.BlobType@24c4ddae
2017-01-12 09:26:04,920 INFO  [BasicTypeRegistry]  - Type registration [java.sql.Blob] overrides previous : org.hibernate.type.BlobType@24c4ddae
2017-01-12 09:26:05,492 INFO  [SessionFactoryObjectFactory]  - Not binding factory to JNDI, no JNDI name configured
2017-01-12 09:26:06,199 INFO  [Dialect]  - Using dialect: org.hibernate.dialect.HSQLDialect
2017-01-12 09:26:06,277 INFO  [DatabaseMetadata]  - table not found: Ammunition
2017-01-12 09:26:06,301 INFO  [DatabaseMetadata]  - table not found: Weapon
2017-01-12 09:26:06,341 INFO  [DatabaseMetadata]  - table not found: Weapon_Ammunition
2017-01-12 09:26:06,368 INFO  [DatabaseMetadata]  - table not found: Ammunition
2017-01-12 09:26:06,402 INFO  [DatabaseMetadata]  - table not found: Weapon
2017-01-12 09:26:06,414 INFO  [DatabaseMetadata]  - table not found: Weapon_Ammunition
2017-01-12 09:26:08,299 INFO  [SessionFactoryImpl]  - closing
